<?xml version="1.0" encoding="UTF-8"?>
<!-- Generated by org.testng.reporters.JUnitXMLReporter -->
<testsuite hostname="vdc01dllap0284" ignored="0" name="InterNet browser" tests="8" failures="0" timestamp="10 Jan 2018 07:41:50 GMT" time="3.249" errors="0">
  <testcase name="@BeforeMethod setBrowsers" time="3.171" classname="Voot.smac.pages.test.BaseClass">
    <failure type="org.openqa.selenium.SessionNotCreatedException" message="Unable to create new remote session. desired capabilities = Capabilities [{ensureCleanSession=true, browserName=internet explorer, version=, platform=WINDOWS}], required capabilities = Capabilities [{}]
Build info: version: &amp;apos;3.3.0&amp;apos;, revision: &amp;apos;b526bd5b41&amp;apos;, time: &amp;apos;2017-03-07 19:26:04 +0000&amp;apos;
System info: host: &amp;apos;VDC01DLLAP0284&amp;apos;, ip: &amp;apos;192.168.167.201&amp;apos;, os.name: &amp;apos;Windows 7&amp;apos;, os.arch: &amp;apos;amd64&amp;apos;, os.version: &amp;apos;6.1&amp;apos;, java.version: &amp;apos;1.8.0_45&amp;apos;
Driver info: driver.version: InternetExplorerDriver">
      <![CDATA[org.openqa.selenium.SessionNotCreatedException: Unable to create new remote session. desired capabilities = Capabilities [{ensureCleanSession=true, browserName=internet explorer, version=, platform=WINDOWS}], required capabilities = Capabilities [{}]
Build info: version: '3.3.0', revision: 'b526bd5b41', time: '2017-03-07 19:26:04 +0000'
System info: host: 'VDC01DLLAP0284', ip: '192.168.167.201', os.name: 'Windows 7', os.arch: 'amd64', os.version: '6.1', java.version: '1.8.0_45'
Driver info: driver.version: InternetExplorerDriver
	at org.openqa.selenium.remote.ProtocolHandshake.createSession(ProtocolHandshake.java:126)
	at org.openqa.selenium.remote.HttpCommandExecutor.execute(HttpCommandExecutor.java:141)
	at org.openqa.selenium.remote.service.DriverCommandExecutor.execute(DriverCommandExecutor.java:82)
	at org.openqa.selenium.remote.RemoteWebDriver.execute(RemoteWebDriver.java:604)
	at org.openqa.selenium.remote.RemoteWebDriver.startSession(RemoteWebDriver.java:244)
	at org.openqa.selenium.remote.RemoteWebDriver.startSession(RemoteWebDriver.java:230)
	at org.openqa.selenium.ie.InternetExplorerDriver.run(InternetExplorerDriver.java:180)
	at org.openqa.selenium.ie.InternetExplorerDriver.<init>(InternetExplorerDriver.java:172)
	at org.openqa.selenium.ie.InternetExplorerDriver.<init>(InternetExplorerDriver.java:144)
	at Voot.smac.pages.test.BaseClass.setBrowsers(BaseClass.java:44)
	at java.util.concurrent.FutureTask.run(FutureTask.java:266)
	at java.util.concurrent.ThreadPoolExecutor.runWorker(ThreadPoolExecutor.java:1142)
	at java.util.concurrent.ThreadPoolExecutor$Worker.run(ThreadPoolExecutor.java:617)
	at java.lang.Thread.run(Thread.java:745)
... Removed 18 stack frames]]>
    </failure>
  </testcase> <!-- @BeforeMethod setBrowsers -->
  <testcase name="@BeforeMethod setBrowsers" time="0.0" classname="Voot.smac.pages.test.BaseClass">
    <skipped/>
  </testcase> <!-- @BeforeMethod setBrowsers -->
  <testcase name="@BeforeMethod setBrowsers" time="0.0" classname="Voot.smac.pages.test.BaseClass">
    <skipped/>
  </testcase> <!-- @BeforeMethod setBrowsers -->
  <testcase name="@BeforeMethod setBrowsers" time="0.0" classname="Voot.smac.pages.test.BaseClass">
    <skipped/>
  </testcase> <!-- @BeforeMethod setBrowsers -->
  <testcase name="@BeforeMethod setBrowsers" time="0.0" classname="Voot.smac.pages.test.BaseClass">
    <skipped/>
  </testcase> <!-- @BeforeMethod setBrowsers -->
  <testcase name="@BeforeMethod setBrowsers" time="0.0" classname="Voot.smac.pages.test.BaseClass">
    <skipped/>
  </testcase> <!-- @BeforeMethod setBrowsers -->
  <testcase name="@BeforeMethod setBrowsers" time="0.0" classname="Voot.smac.pages.test.BaseClass">
    <skipped/>
  </testcase> <!-- @BeforeMethod setBrowsers -->
  <testcase name="@BeforeMethod setBrowsers" time="0.0" classname="Voot.smac.pages.test.BaseClass">
    <skipped/>
  </testcase> <!-- @BeforeMethod setBrowsers -->
  <testcase name="verifyVootLogoinHomePage" time="0.0" classname="Voot.smac.pages.test.HomePageTest">
    <skipped/>
  </testcase> <!-- verifyVootLogoinHomePage -->
  <testcase name="verifynewshowLinkinHomePage" time="0.0" classname="Voot.smac.pages.test.HomePageTest">
    <skipped/>
  </testcase> <!-- verifynewshowLinkinHomePage -->
  <testcase name="verifyshowsmenuinHomepage" time="0.0" classname="Voot.smac.pages.test.HomePageTest">
    <skipped/>
  </testcase> <!-- verifyshowsmenuinHomepage -->
  <testcase name="verifykidsmenuinHomepage" time="0.0" classname="Voot.smac.pages.test.HomePageTest">
    <skipped/>
  </testcase> <!-- verifykidsmenuinHomepage -->
  <testcase name="verifyChannelsmenuinHomepage" time="0.0" classname="Voot.smac.pages.test.HomePageTest">
    <skipped/>
  </testcase> <!-- verifyChannelsmenuinHomepage -->
  <testcase name="verifyMoviesmenuinHomepage" time="0.0" classname="Voot.smac.pages.test.HomePageTest">
    <skipped/>
  </testcase> <!-- verifyMoviesmenuinHomepage -->
  <testcase name="verifySearchinHomepage" time="0.0" classname="Voot.smac.pages.test.HomePageTest">
    <skipped/>
  </testcase> <!-- verifySearchinHomepage -->
  <testcase name="verifyuserloginiconinHomepage" time="0.0" classname="Voot.smac.pages.test.HomePageTest">
    <skipped/>
  </testcase> <!-- verifyuserloginiconinHomepage -->
</testsuite> <!-- InterNet browser -->
