<?xml version="1.0" encoding="UTF-8"?>
<!-- Generated by org.testng.reporters.JUnitXMLReporter -->
<testsuite hostname="vdc01dllap0284" ignored="0" name="Verification of voot login page  firefox browser" tests="3" failures="0" timestamp="26 Mar 2018 08:05:51 GMT" time="210.86" errors="0">
  <testcase name="verifyLoginScreeen" time="27.195" classname="Voot.smac.pages.test.VootLoginPageTest"/>
  <testcase name="EnterbankEmailidandverifyerrormessage" time="4.752" classname="Voot.smac.pages.test.VootLoginPageTest"/>
  <testcase name="enter_valid_Email_In_input_Text_field" time="5.23" classname="Voot.smac.pages.test.VootLoginPageTest"/>
</testsuite> <!-- Verification of voot login page  firefox browser -->
