<?xml version="1.0" encoding="UTF-8"?>
<!-- Generated by org.testng.reporters.JUnitXMLReporter -->
<testsuite hostname="vdc01dllap0284" ignored="0" name="Verification of movie page in voot application" tests="5" failures="0" timestamp="30 Mar 2018 08:08:14 GMT" time="141.7" errors="0">
  <testcase name="mousehoveronMoviesintheheaderandverify" time="11.74" classname="Voot.smac.pages.test.MoviesPageTest"/>
  <testcase name="verifyPopularHindiMoviesValue" time="17.979" classname="Voot.smac.pages.test.MoviesPageTest"/>
  <testcase name="verifyPopularkannadaMoviesValue" time="17.879" classname="Voot.smac.pages.test.MoviesPageTest"/>
  <testcase name="verifyPopularBangaliMoviesValue" time="17.763" classname="Voot.smac.pages.test.MoviesPageTest"/>
  <testcase name="verifyPopularKidsMoviesValue" time="17.788" classname="Voot.smac.pages.test.MoviesPageTest"/>
</testsuite> <!-- Verification of movie page in voot application -->
