<?xml version="1.0" encoding="UTF-8"?>
<!-- Generated by org.testng.reporters.JUnitXMLReporter -->
<testsuite hostname="vdc01dllap0284" ignored="0" name="Verification of Home page of voot application in chrome    browser" tests="12" failures="0" timestamp="22 Mar 2018 09:27:58 GMT" time="410.805" errors="0">
  <testcase name="verifyVootLogoinHomePage" time="0.986" classname="Voot.smac.pages.test.HomePageTest"/>
  <testcase name="verifynewshowLinkinHomePage" time="0.705" classname="Voot.smac.pages.test.HomePageTest"/>
  <testcase name="verifyshowsmenuinHomepage" time="0.78" classname="Voot.smac.pages.test.HomePageTest"/>
  <testcase name="verifykidsmenuinHomepage" time="0.622" classname="Voot.smac.pages.test.HomePageTest"/>
  <testcase name="verifyChannelsmenuinHomepage" time="0.666" classname="Voot.smac.pages.test.HomePageTest"/>
  <testcase name="verifyMoviesmenuinHomepage" time="0.269" classname="Voot.smac.pages.test.HomePageTest"/>
  <testcase name="verifySearchinHomepage" time="0.677" classname="Voot.smac.pages.test.HomePageTest"/>
  <testcase name="verifyuserloginiconinHomepage" time="1.295" classname="Voot.smac.pages.test.HomePageTest"/>
  <testcase name="clickOnTheNextButtonOnCoursoual" time="33.469" classname="Voot.smac.pages.test.HomePageTest"/>
  <testcase name="verifyAddBannerSectionl" time="111.326" classname="Voot.smac.pages.test.HomePageTest"/>
  <testcase name="clickOnThePreviousButtonOnCoursoual" time="2.526" classname="Voot.smac.pages.test.HomePageTest"/>
  <testcase name="verifyDescriptionTextValueOFMasterCarousal" time="10.173" classname="Voot.smac.pages.test.HomePageTest"/>
</testsuite> <!-- Verification of Home page of voot application in chrome    browser -->
