<?xml version="1.0" encoding="UTF-8"?>
<!-- Generated by org.testng.reporters.JUnitXMLReporter -->
<testsuite hostname="vdc01dllap0284" ignored="0" name="Verification of voot login page  in voot application " tests="3" failures="0" timestamp="30 Mar 2018 08:04:42 GMT" time="69.483" errors="0">
  <testcase name="verifyLoginScreeen" time="24.781" classname="Voot.smac.pages.test.VootLoginPageTest"/>
  <testcase name="EnterbankEmailidandverifyerrormessage" time="3.091" classname="Voot.smac.pages.test.VootLoginPageTest"/>
  <testcase name="enter_valid_Email_In_input_Text_field" time="4.252" classname="Voot.smac.pages.test.VootLoginPageTest"/>
</testsuite> <!-- Verification of voot login page  in voot application  -->
