<?xml version="1.0" encoding="UTF-8"?>
<!-- Generated by org.testng.reporters.JUnitXMLReporter -->
<testsuite hostname="vdc01dllap0284" ignored="0" name="Verification of Channel page in voot application " tests="4" failures="0" timestamp="30 Mar 2018 08:05:53 GMT" time="70.382" errors="0">
  <testcase name="mousehover_ChannelsInHeaderMenuOfHomepage" time="0.68" classname="Voot.smac.pages.test.ChannelsPageTest"/>
  <testcase name="OverlaywithListofchannels" time="14.245" classname="Voot.smac.pages.test.ChannelsPageTest"/>
  <testcase name="Clickonanychannel" time="2.219" classname="Voot.smac.pages.test.ChannelsPageTest"/>
  <testcase name="navigateToChannelDetailsPage" time="3.287" classname="Voot.smac.pages.test.ChannelsPageTest"/>
</testsuite> <!-- Verification of Channel page in voot application  -->
