<?xml version="1.0" encoding="UTF-8"?>
<!-- Generated by org.testng.reporters.JUnitXMLReporter -->
<testsuite hostname="vdc01dllap0284" ignored="0" name="Verification off Search page of voot application in chrome browser" tests="5" failures="0" timestamp="14 Mar 2018 10:25:17 GMT" time="38.609" errors="0">
  <testcase name="verify_Search_Icon_In_HomePage" time="2.295" classname="Voot.smac.pages.test.SearchPageTest"/>
  <testcase name="verify_Search_Icon_In_SearchPage" time="4.172" classname="Voot.smac.pages.test.SearchPageTest"/>
  <testcase name="verify_Close_Icon_In_SearchPage" time="4.109" classname="Voot.smac.pages.test.SearchPageTest"/>
  <testcase name="verify_Search_Text_Box_In_SearchPage" time="0.054" classname="Voot.smac.pages.test.SearchPageTest"/>
  <testcase name="enter_Some_Value_inSide_the_Text_Box_In_SearchPage" time="14.288" classname="Voot.smac.pages.test.SearchPageTest"/>
</testsuite> <!-- Verification off Search page of voot application in chrome browser -->
