<?xml version="1.0" encoding="UTF-8"?>
<!-- Generated by org.testng.reporters.JUnitXMLReporter -->
<testsuite hostname="vdc01dllap0284" ignored="0" name="Verification of Show page of voot application in chrome browser" tests="2" failures="0" timestamp="07 Mar 2018 10:56:29 GMT" time="65.183" errors="0">
  <testcase name="clickedshowlink" time="42.987" classname="Voot.smac.pages.test.ShowPagesTest"/>
  <testcase name="clickedkidslink" time="8.361" classname="Voot.smac.pages.test.ShowPagesTest"/>
</testsuite> <!-- Verification of Show page of voot application in chrome browser -->
