<?xml version="1.0" encoding="UTF-8"?>
<!-- Generated by org.testng.reporters.JUnitXMLReporter -->
<testsuite hostname="vdc01dllap0284" ignored="0" name="Verification of vot login page of voot application in chrome browser" tests="3" failures="0" timestamp="06 Mar 2018 08:37:32 GMT" time="39.831" errors="0">
  <testcase name="verifyLoginScreeen" time="22.351" classname="Voot.smac.pages.test.VootLoginPageTest"/>
  <testcase name="EnterbankEmailidandverifyerrormessage" time="2.347" classname="Voot.smac.pages.test.VootLoginPageTest"/>
  <testcase name="enter_valid_Email_In_input_Text_field" time="0.494" classname="Voot.smac.pages.test.VootLoginPageTest"/>
</testsuite> <!-- Verification of vot login page of voot application in chrome browser -->
