<?xml version="1.0" encoding="UTF-8"?>
<!-- Generated by org.testng.reporters.JUnitXMLReporter -->
<testsuite hostname="vdc01dllap0284" ignored="0" name="Verification of vot login page of voot application in chrome    browser" tests="3" failures="0" timestamp="21 Mar 2018 09:11:09 GMT" time="35.119" errors="0">
  <testcase name="@AfterMethod tearDown" time="0.001" classname="Voot.smac.pages.test.BaseClass">
    <failure type="java.lang.NullPointerException">
      <![CDATA[java.lang.NullPointerException
	at Voot.smac.pages.test.BaseClass.tearDown(BaseClass.java:122)
... Removed 27 stack frames]]>
    </failure>
  </testcase> <!-- @AfterMethod tearDown -->
  <testcase name="@BeforeMethod setBrowsers" time="0.0" classname="Voot.smac.pages.test.BaseClass">
    <skipped/>
  </testcase> <!-- @BeforeMethod setBrowsers -->
  <testcase name="@BeforeMethod setBrowsers" time="0.0" classname="Voot.smac.pages.test.BaseClass">
    <skipped/>
  </testcase> <!-- @BeforeMethod setBrowsers -->
  <testcase name="@AfterTest endReport" time="0.0" classname="Voot.smac.pages.test.BaseClass">
    <skipped/>
  </testcase> <!-- @AfterTest endReport -->
  <testcase name="verifyLoginScreeen" time="24.073" classname="Voot.smac.pages.test.VootLoginPageTest"/>
  <testcase name="EnterbankEmailidandverifyerrormessage" time="0.001" classname="Voot.smac.pages.test.VootLoginPageTest">
    <skipped/>
  </testcase> <!-- EnterbankEmailidandverifyerrormessage -->
  <testcase name="enter_valid_Email_In_input_Text_field" time="0.0" classname="Voot.smac.pages.test.VootLoginPageTest">
    <skipped/>
  </testcase> <!-- enter_valid_Email_In_input_Text_field -->
</testsuite> <!-- Verification of vot login page of voot application in chrome    browser -->
