<?xml version="1.0" encoding="UTF-8"?>
<!-- Generated by org.testng.reporters.JUnitXMLReporter -->
<testsuite hostname="vdc01dllap0284" ignored="0" name="Verification of Show page of voot application in chrome browser" tests="2" failures="0" timestamp="08 Mar 2018 09:47:00 GMT" time="59.344" errors="0">
  <testcase name="clickedshowlink" time="37.948" classname="Voot.smac.pages.test.ShowPagesTest"/>
  <testcase name="clickedkidslink" time="7.559" classname="Voot.smac.pages.test.ShowPagesTest"/>
</testsuite> <!-- Verification of Show page of voot application in chrome browser -->
