<?xml version="1.0" encoding="UTF-8"?>
<!-- Generated by org.testng.reporters.JUnitXMLReporter -->
<testsuite hostname="vdc01dllap0284" ignored="0" name="Verification of movie page of voot application in chrome browser" tests="5" failures="0" timestamp="26 Mar 2018 08:07:29 GMT" time="309.195" errors="0">
  <testcase name="mousehoveronMoviesintheheaderandverify" time="12.248" classname="Voot.smac.pages.test.MoviesPageTest"/>
  <testcase name="verifyPopularHindiMoviesValue" time="18.685" classname="Voot.smac.pages.test.MoviesPageTest"/>
  <testcase name="verifyPopularkannadaMoviesValue" time="20.075" classname="Voot.smac.pages.test.MoviesPageTest"/>
  <testcase name="verifyPopularBangaliMoviesValue" time="18.144" classname="Voot.smac.pages.test.MoviesPageTest"/>
  <testcase name="verifyPopularKidsMoviesValue" time="18.158" classname="Voot.smac.pages.test.MoviesPageTest"/>
</testsuite> <!-- Verification of movie page of voot application in chrome browser -->
