<?xml version="1.0" encoding="UTF-8"?>
<!-- Generated by org.testng.reporters.JUnitXMLReporter -->
<testsuite hostname="vdc01dllap0284" ignored="0" name="Verification off Search page of voot application in chrome browser" tests="5" failures="0" timestamp="26 Mar 2018 08:07:26 GMT" time="170.973" errors="0">
  <testcase name="verify_Search_Icon_In_HomePage" time="2.698" classname="Voot.smac.pages.test.SearchPageTest"/>
  <testcase name="verify_Search_Icon_In_SearchPage" time="3.786" classname="Voot.smac.pages.test.SearchPageTest"/>
  <testcase name="verify_Close_Icon_In_SearchPage" time="2.915" classname="Voot.smac.pages.test.SearchPageTest"/>
  <testcase name="verify_Search_Text_Box_In_SearchPage" time="0.287" classname="Voot.smac.pages.test.SearchPageTest"/>
  <testcase name="enter_Some_Value_inSide_the_Text_Box_In_SearchPage" time="15.465" classname="Voot.smac.pages.test.SearchPageTest"/>
</testsuite> <!-- Verification off Search page of voot application in chrome browser -->
