<?xml version="1.0" encoding="UTF-8"?>
<!-- Generated by org.testng.reporters.JUnitXMLReporter -->
<testsuite hostname="vdc01dllap0284" ignored="0" name="Verification of vot login page of voot application in chrome browser" tests="1" failures="0" timestamp="01 Mar 2018 16:09:32 GMT" time="18.8" errors="0">
  <testcase name="verifyLoginScreeen" time="1.468" classname="Voot.smac.pages.test.VootLoginPageTest"/>
</testsuite> <!-- Verification of vot login page of voot application in chrome browser -->
