<?xml version="1.0" encoding="UTF-8"?>
<!-- Generated by org.testng.reporters.JUnitXMLReporter -->
<testsuite hostname="vdc01dllap0284" ignored="0" name="Verification of Search page in voot application" tests="5" failures="0" timestamp="30 Mar 2018 08:09:34 GMT" time="79.47" errors="0">
  <testcase name="verify_Search_Icon_In_HomePage" time="2.281" classname="Voot.smac.pages.test.SearchPageTest"/>
  <testcase name="verify_Search_Icon_In_SearchPage" time="2.893" classname="Voot.smac.pages.test.SearchPageTest"/>
  <testcase name="verify_Close_Icon_In_SearchPage" time="2.824" classname="Voot.smac.pages.test.SearchPageTest"/>
  <testcase name="verify_Search_Text_Box_In_SearchPage" time="0.579" classname="Voot.smac.pages.test.SearchPageTest"/>
  <testcase name="enter_Some_Value_inSide_the_Text_Box_In_SearchPage" time="15.085" classname="Voot.smac.pages.test.SearchPageTest"/>
</testsuite> <!-- Verification of Search page in voot application -->
