<?xml version="1.0" encoding="UTF-8"?>
<!-- Generated by org.testng.reporters.JUnitXMLReporter -->
<testsuite hostname="vdc01dllap0284" ignored="0" name="Verification of Home page of voot application in chrome /firefox   browser" tests="12" failures="0" timestamp="25 Mar 2018 11:28:16 GMT" time="209.42" errors="0">
  <testcase name="@BeforeMethod setBrowsers" time="112.659" classname="Voot.smac.pages.test.BaseClass">
    <failure type="org.openqa.selenium.WebDriverException" message="Failed to decode response from marionette
Build info: version: &amp;apos;3.5.1&amp;apos;, revision: &amp;apos;9c21bb67ef&amp;apos;, time: &amp;apos;2017-08-17T15:26:08.955Z&amp;apos;
System info: host: &amp;apos;VDC01DLLAP0284&amp;apos;, ip: &amp;apos;192.168.23.5&amp;apos;, os.name: &amp;apos;Windows 7&amp;apos;, os.arch: &amp;apos;amd64&amp;apos;, os.version: &amp;apos;6.1&amp;apos;, java.version: &amp;apos;1.8.0_45&amp;apos;
Driver info: org.openqa.selenium.firefox.FirefoxDriver
Capabilities [{moz:profile=C:\Users\RAVIND~1.PAR\AppData\Local\Temp\rust_mozprofile.qP6aguhSfV01, rotatable=false, timeouts={implicit=0.0, page load=300000.0, script=30000.0}, pageLoadStrategy=normal, platform=ANY, specificationLevel=0.0, moz:accessibilityChecks=false, acceptInsecureCerts=false, browserVersion=52.0.2, platformVersion=6.1, moz:processID=1360.0, browserName=firefox, javascriptEnabled=true, platformName=windows_nt}]
Session ID: 4e25b7f7-6968-4978-986c-b4a96785e2e0">
      <![CDATA[org.openqa.selenium.WebDriverException: Failed to decode response from marionette
Build info: version: '3.5.1', revision: '9c21bb67ef', time: '2017-08-17T15:26:08.955Z'
System info: host: 'VDC01DLLAP0284', ip: '192.168.23.5', os.name: 'Windows 7', os.arch: 'amd64', os.version: '6.1', java.version: '1.8.0_45'
Driver info: org.openqa.selenium.firefox.FirefoxDriver
Capabilities [{moz:profile=C:\Users\RAVIND~1.PAR\AppData\Local\Temp\rust_mozprofile.qP6aguhSfV01, rotatable=false, timeouts={implicit=0.0, page load=300000.0, script=30000.0}, pageLoadStrategy=normal, platform=ANY, specificationLevel=0.0, moz:accessibilityChecks=false, acceptInsecureCerts=false, browserVersion=52.0.2, platformVersion=6.1, moz:processID=1360.0, browserName=firefox, javascriptEnabled=true, platformName=windows_nt}]
Session ID: 4e25b7f7-6968-4978-986c-b4a96785e2e0
	at org.openqa.selenium.remote.http.W3CHttpResponseCodec.createException(W3CHttpResponseCodec.java:185)
	at org.openqa.selenium.remote.http.W3CHttpResponseCodec.decode(W3CHttpResponseCodec.java:120)
	at org.openqa.selenium.remote.http.W3CHttpResponseCodec.decode(W3CHttpResponseCodec.java:49)
	at org.openqa.selenium.remote.HttpCommandExecutor.execute(HttpCommandExecutor.java:164)
	at org.openqa.selenium.remote.service.DriverCommandExecutor.execute(DriverCommandExecutor.java:82)
	at org.openqa.selenium.remote.RemoteWebDriver.execute(RemoteWebDriver.java:641)
	at org.openqa.selenium.remote.RemoteWebDriver.get(RemoteWebDriver.java:368)
	at Voot.smac.pages.test.BaseClass.setBrowsers(BaseClass.java:77)
	at java.util.concurrent.FutureTask.run(FutureTask.java:266)
	at java.util.concurrent.ThreadPoolExecutor.runWorker(ThreadPoolExecutor.java:1142)
	at java.util.concurrent.ThreadPoolExecutor$Worker.run(ThreadPoolExecutor.java:617)
	at java.lang.Thread.run(Thread.java:745)
... Removed 22 stack frames]]>
    </failure>
  </testcase> <!-- @BeforeMethod setBrowsers -->
  <testcase name="@BeforeMethod setBrowsers" time="0.0" classname="Voot.smac.pages.test.BaseClass">
    <skipped/>
  </testcase> <!-- @BeforeMethod setBrowsers -->
  <testcase name="@BeforeMethod setBrowsers" time="0.0" classname="Voot.smac.pages.test.BaseClass">
    <skipped/>
  </testcase> <!-- @BeforeMethod setBrowsers -->
  <testcase name="@BeforeMethod setBrowsers" time="0.0" classname="Voot.smac.pages.test.BaseClass">
    <skipped/>
  </testcase> <!-- @BeforeMethod setBrowsers -->
  <testcase name="@BeforeMethod setBrowsers" time="0.0" classname="Voot.smac.pages.test.BaseClass">
    <skipped/>
  </testcase> <!-- @BeforeMethod setBrowsers -->
  <testcase name="@BeforeMethod setBrowsers" time="0.0" classname="Voot.smac.pages.test.BaseClass">
    <skipped/>
  </testcase> <!-- @BeforeMethod setBrowsers -->
  <testcase name="@BeforeMethod setBrowsers" time="0.0" classname="Voot.smac.pages.test.BaseClass">
    <skipped/>
  </testcase> <!-- @BeforeMethod setBrowsers -->
  <testcase name="@BeforeMethod setBrowsers" time="0.0" classname="Voot.smac.pages.test.BaseClass">
    <skipped/>
  </testcase> <!-- @BeforeMethod setBrowsers -->
  <testcase name="@BeforeMethod setBrowsers" time="0.0" classname="Voot.smac.pages.test.BaseClass">
    <skipped/>
  </testcase> <!-- @BeforeMethod setBrowsers -->
  <testcase name="@AfterTest endReport" time="0.0" classname="Voot.smac.pages.test.BaseClass">
    <skipped/>
  </testcase> <!-- @AfterTest endReport -->
  <testcase name="verifyVootLogoinHomePage" time="0.927" classname="Voot.smac.pages.test.HomePageTest"/>
  <testcase name="verifynewshowLinkinHomePage" time="1.062" classname="Voot.smac.pages.test.HomePageTest"/>
  <testcase name="verifyshowsmenuinHomepage" time="0.934" classname="Voot.smac.pages.test.HomePageTest"/>
  <testcase name="verifykidsmenuinHomepage" time="0.0" classname="Voot.smac.pages.test.HomePageTest">
    <skipped/>
  </testcase> <!-- verifykidsmenuinHomepage -->
  <testcase name="verifyChannelsmenuinHomepage" time="0.0" classname="Voot.smac.pages.test.HomePageTest">
    <skipped/>
  </testcase> <!-- verifyChannelsmenuinHomepage -->
  <testcase name="verifyMoviesmenuinHomepage" time="0.0" classname="Voot.smac.pages.test.HomePageTest">
    <skipped/>
  </testcase> <!-- verifyMoviesmenuinHomepage -->
  <testcase name="verifySearchinHomepage" time="0.0" classname="Voot.smac.pages.test.HomePageTest">
    <skipped/>
  </testcase> <!-- verifySearchinHomepage -->
  <testcase name="verifyuserloginiconinHomepage" time="0.0" classname="Voot.smac.pages.test.HomePageTest">
    <skipped/>
  </testcase> <!-- verifyuserloginiconinHomepage -->
  <testcase name="clickOnTheNextButtonOnCoursoual" time="0.0" classname="Voot.smac.pages.test.HomePageTest">
    <skipped/>
  </testcase> <!-- clickOnTheNextButtonOnCoursoual -->
  <testcase name="verifyAddBannerSectionl" time="0.0" classname="Voot.smac.pages.test.HomePageTest">
    <skipped/>
  </testcase> <!-- verifyAddBannerSectionl -->
  <testcase name="clickOnThePreviousButtonOnCoursoual" time="0.0" classname="Voot.smac.pages.test.HomePageTest">
    <skipped/>
  </testcase> <!-- clickOnThePreviousButtonOnCoursoual -->
  <testcase name="verifyDescriptionTextValueOFMasterCarousal" time="0.0" classname="Voot.smac.pages.test.HomePageTest">
    <skipped/>
  </testcase> <!-- verifyDescriptionTextValueOFMasterCarousal -->
</testsuite> <!-- Verification of Home page of voot application in chrome /firefox   browser -->
