<?xml version="1.0" encoding="UTF-8"?>
<!-- Generated by org.testng.reporters.JUnitXMLReporter -->
<testsuite hostname="vdc01dllap0284" ignored="0" name="Verification of Channel page of voot application in chrome browser" tests="4" failures="0" timestamp="12 Mar 2018 17:12:36 GMT" time="58.586" errors="0">
  <testcase name="mousehover_ChannelsInHeaderMenuOfHomepage" time="0.798" classname="Voot.smac.pages.test.ChannelsPageTest"/>
  <testcase name="OverlaywithListofchannels" time="39.693" classname="Voot.smac.pages.test.ChannelsPageTest"/>
  <testcase name="Clickonanychannel" time="3.788" classname="Voot.smac.pages.test.ChannelsPageTest"/>
  <testcase name="navigateToChannelDetailsPage" time="0.226" classname="Voot.smac.pages.test.ChannelsPageTest"/>
</testsuite> <!-- Verification of Channel page of voot application in chrome browser -->
