<?xml version="1.0" encoding="UTF-8"?>
<!-- Generated by org.testng.reporters.JUnitXMLReporter -->
<testsuite hostname="vdc01dllap0284" ignored="0" name="Verification of vot login page of voot application in chrome    browser" tests="3" failures="0" timestamp="07 Mar 2018 07:39:13 GMT" time="63.541" errors="0">
  <testcase name="verifyLoginScreeen" time="25.275" classname="Voot.smac.pages.test.VootLoginPageTest"/>
  <testcase name="EnterbankEmailidandverifyerrormessage" time="2.56" classname="Voot.smac.pages.test.VootLoginPageTest"/>
  <testcase name="enter_valid_Email_In_input_Text_field" time="0.541" classname="Voot.smac.pages.test.VootLoginPageTest"/>
</testsuite> <!-- Verification of vot login page of voot application in chrome    browser -->
