<?xml version="1.0" encoding="UTF-8"?>
<!-- Generated by org.testng.reporters.JUnitXMLReporter -->
<testsuite hostname="vdc01dllap0284" ignored="0" name="Verification of movie page of voot application in chrome browser" tests="1" failures="0" timestamp="12 Mar 2018 17:12:57 GMT" time="21.294" errors="0">
  <testcase name="mousehoveronMoviesintheheaderandverify" time="4.801" classname="Voot.smac.pages.test.MoviesPageTest"/>
</testsuite> <!-- Verification of movie page of voot application in chrome browser -->
