<?xml version="1.0" encoding="UTF-8"?>
<testng-results skipped="12" failed="0" total="12" passed="0">
  <reporter-output>
  </reporter-output>
  <suite name="Parallel test suite" duration-ms="124291" started-at="2018-03-25T09:20:56Z" finished-at="2018-03-25T09:23:00Z">
    <groups>
      <group name="Verify &#039;search&#039; icon is displayed in the header of Homepage.">
        <method signature="HomePageTest.verifySearchinHomepage()[pri:0, instance:Voot.smac.pages.test.HomePageTest@d8355a8]" name="verifySearchinHomepage" class="Voot.smac.pages.test.HomePageTest"/>
      </group> <!-- Verify 'search' icon is displayed in the header of Homepage. -->
      <group name="Verification of Header Menu">
        <method signature="HomePageTest.verifyChannelsmenuinHomepage()[pri:0, instance:Voot.smac.pages.test.HomePageTest@d8355a8]" name="verifyChannelsmenuinHomepage" class="Voot.smac.pages.test.HomePageTest"/>
        <method signature="HomePageTest.verifyMoviesmenuinHomepage()[pri:0, instance:Voot.smac.pages.test.HomePageTest@d8355a8]" name="verifyMoviesmenuinHomepage" class="Voot.smac.pages.test.HomePageTest"/>
        <method signature="HomePageTest.verifykidsmenuinHomepage()[pri:0, instance:Voot.smac.pages.test.HomePageTest@d8355a8]" name="verifykidsmenuinHomepage" class="Voot.smac.pages.test.HomePageTest"/>
        <method signature="HomePageTest.verifyshowsmenuinHomepage()[pri:0, instance:Voot.smac.pages.test.HomePageTest@d8355a8]" name="verifyshowsmenuinHomepage" class="Voot.smac.pages.test.HomePageTest"/>
      </group> <!-- Verification of Header Menu -->
      <group name="Verify &#039;Profile Avatar&#039; icon is displayed in the header of Homepage.">
        <method signature="HomePageTest.verifyuserloginiconinHomepage()[pri:0, instance:Voot.smac.pages.test.HomePageTest@d8355a8]" name="verifyuserloginiconinHomepage" class="Voot.smac.pages.test.HomePageTest"/>
      </group> <!-- Verify 'Profile Avatar' icon is displayed in the header of Homepage. -->
    </groups>
    <test name="Verification of Home page of voot application in chrome    browser" duration-ms="124291" started-at="2018-03-25T09:20:56Z" finished-at="2018-03-25T09:23:00Z">
      <class name="Voot.smac.pages.test.HomePageTest">
        <test-method status="PASS" signature="setExtent()[pri:0, instance:Voot.smac.pages.test.HomePageTest@d8355a8]" name="setExtent" is-config="true" duration-ms="737" started-at="2018-03-25T14:50:56Z" finished-at="2018-03-25T14:50:57Z">
          <reporter-output>
          </reporter-output>
        </test-method> <!-- setExtent -->
        <test-method status="FAIL" signature="setBrowsers(java.lang.String)[pri:0, instance:Voot.smac.pages.test.HomePageTest@d8355a8]" name="setBrowsers" is-config="true" duration-ms="0" started-at="2018-03-25T14:50:57Z" finished-at="2018-03-25T14:50:57Z">
          <params>
            <param index="0">
              <value>
                <![CDATA[firefox]]>
              </value>
            </param>
          </params>
          <exception class="org.openqa.selenium.WebDriverException">
            <message>
              <![CDATA[Process unexpectedly closed with status 0
Build info: version: '3.5.1', revision: '9c21bb67ef', time: '2017-08-17T15:26:08.955Z'
System info: host: 'VDC01DLLAP0284', ip: '192.168.23.5', os.name: 'Windows 7', os.arch: 'amd64', os.version: '6.1', java.version: '1.8.0_45'
Driver info: driver.version: FirefoxDriver
remote stacktrace: ]]>
            </message>
            <full-stacktrace>
              <![CDATA[org.openqa.selenium.WebDriverException: Process unexpectedly closed with status 0
Build info: version: '3.5.1', revision: '9c21bb67ef', time: '2017-08-17T15:26:08.955Z'
System info: host: 'VDC01DLLAP0284', ip: '192.168.23.5', os.name: 'Windows 7', os.arch: 'amd64', os.version: '6.1', java.version: '1.8.0_45'
Driver info: driver.version: FirefoxDriver
remote stacktrace: 
	at sun.reflect.NativeConstructorAccessorImpl.newInstance0(Native Method)
	at sun.reflect.NativeConstructorAccessorImpl.newInstance(NativeConstructorAccessorImpl.java:62)
	at sun.reflect.DelegatingConstructorAccessorImpl.newInstance(DelegatingConstructorAccessorImpl.java:45)
	at java.lang.reflect.Constructor.newInstance(Constructor.java:422)
	at org.openqa.selenium.remote.W3CHandshakeResponse.lambda$new$0(W3CHandshakeResponse.java:57)
	at org.openqa.selenium.remote.W3CHandshakeResponse$$Lambda$100/348055829.apply(Unknown Source)
	at org.openqa.selenium.remote.W3CHandshakeResponse.lambda$getResponseFunction$2(W3CHandshakeResponse.java:104)
	at org.openqa.selenium.remote.W3CHandshakeResponse$$Lambda$102/137275020.apply(Unknown Source)
	at org.openqa.selenium.remote.ProtocolHandshake.lambda$createSession$24(ProtocolHandshake.java:360)
	at org.openqa.selenium.remote.ProtocolHandshake$$Lambda$103/1508181426.apply(Unknown Source)
	at java.util.stream.ReferencePipeline$3$1.accept(ReferencePipeline.java:193)
	at java.util.Spliterators$ArraySpliterator.tryAdvance(Spliterators.java:958)
	at java.util.stream.ReferencePipeline.forEachWithCancel(ReferencePipeline.java:126)
	at java.util.stream.AbstractPipeline.copyIntoWithCancel(AbstractPipeline.java:529)
	at java.util.stream.AbstractPipeline.copyInto(AbstractPipeline.java:516)
	at java.util.stream.AbstractPipeline.wrapAndCopyInto(AbstractPipeline.java:502)
	at java.util.stream.FindOps$FindOp.evaluateSequential(FindOps.java:152)
	at java.util.stream.AbstractPipeline.evaluate(AbstractPipeline.java:234)
	at java.util.stream.ReferencePipeline.findFirst(ReferencePipeline.java:464)
	at org.openqa.selenium.remote.ProtocolHandshake.createSession(ProtocolHandshake.java:363)
	at org.openqa.selenium.remote.ProtocolHandshake.createSession(ProtocolHandshake.java:137)
	at org.openqa.selenium.remote.HttpCommandExecutor.execute(HttpCommandExecutor.java:142)
	at org.openqa.selenium.remote.service.DriverCommandExecutor.execute(DriverCommandExecutor.java:82)
	at org.openqa.selenium.remote.RemoteWebDriver.execute(RemoteWebDriver.java:641)
	at org.openqa.selenium.remote.RemoteWebDriver.startSession(RemoteWebDriver.java:254)
	at org.openqa.selenium.remote.RemoteWebDriver.startSession(RemoteWebDriver.java:236)
	at org.openqa.selenium.remote.RemoteWebDriver.<init>(RemoteWebDriver.java:137)
	at org.openqa.selenium.firefox.FirefoxDriver.<init>(FirefoxDriver.java:191)
	at org.openqa.selenium.firefox.FirefoxDriver.<init>(FirefoxDriver.java:103)
	at org.openqa.selenium.firefox.FirefoxDriver.<init>(FirefoxDriver.java:99)
	at Voot.smac.pages.test.BaseClass.setBrowsers(BaseClass.java:66)
	at sun.reflect.NativeMethodAccessorImpl.invoke0(Native Method)
	at sun.reflect.NativeMethodAccessorImpl.invoke(NativeMethodAccessorImpl.java:62)
	at sun.reflect.DelegatingMethodAccessorImpl.invoke(DelegatingMethodAccessorImpl.java:43)
	at java.lang.reflect.Method.invoke(Method.java:497)
	at org.testng.internal.MethodInvocationHelper.invokeMethod(MethodInvocationHelper.java:80)
	at org.testng.internal.Invoker.invokeConfigurationMethod(Invoker.java:564)
	at org.testng.internal.Invoker.invokeConfigurations(Invoker.java:213)
	at org.testng.internal.Invoker.invokeMethod(Invoker.java:653)
	at org.testng.internal.Invoker.invokeTestMethod(Invoker.java:901)
	at org.testng.internal.Invoker.invokeTestMethods(Invoker.java:1231)
	at org.testng.internal.TestMethodWorker.invokeTestMethods(TestMethodWorker.java:127)
	at org.testng.internal.TestMethodWorker.run(TestMethodWorker.java:111)
	at org.testng.TestRunner.privateRun(TestRunner.java:767)
	at org.testng.TestRunner.run(TestRunner.java:617)
	at org.testng.SuiteRunner.runTest(SuiteRunner.java:334)
	at org.testng.SuiteRunner.runSequentially(SuiteRunner.java:329)
	at org.testng.SuiteRunner.privateRun(SuiteRunner.java:291)
	at org.testng.SuiteRunner.run(SuiteRunner.java:240)
	at org.testng.SuiteRunnerWorker.runSuite(SuiteRunnerWorker.java:52)
	at org.testng.SuiteRunnerWorker.run(SuiteRunnerWorker.java:86)
	at org.testng.TestNG.runSuitesSequentially(TestNG.java:1198)
	at org.testng.TestNG.runSuitesLocally(TestNG.java:1123)
	at org.testng.TestNG.run(TestNG.java:1031)
	at org.apache.maven.surefire.testng.TestNGExecutor.run(TestNGExecutor.java:295)
	at org.apache.maven.surefire.testng.TestNGXmlTestSuite.execute(TestNGXmlTestSuite.java:84)
	at org.apache.maven.surefire.testng.TestNGProvider.invoke(TestNGProvider.java:90)
	at org.apache.maven.surefire.booter.ForkedBooter.invokeProviderInSameClassLoader(ForkedBooter.java:203)
	at org.apache.maven.surefire.booter.ForkedBooter.runSuitesInProcess(ForkedBooter.java:155)
	at org.apache.maven.surefire.booter.ForkedBooter.main(ForkedBooter.java:103)
]]>
            </full-stacktrace>
          </exception> <!-- org.openqa.selenium.WebDriverException -->
          <reporter-output>
          </reporter-output>
        </test-method> <!-- setBrowsers -->
        <test-method status="SKIP" signature="verifyVootLogoinHomePage()[pri:0, instance:Voot.smac.pages.test.HomePageTest@d8355a8]" name="verifyVootLogoinHomePage" duration-ms="4" started-at="2018-03-25T14:53:00Z" description="TC_HMP_003 :- Verify &#039;Voot&#039; logo is displayed and alligned in the Homepage." finished-at="2018-03-25T14:53:00Z">
          <reporter-output>
          </reporter-output>
        </test-method> <!-- verifyVootLogoinHomePage -->
        <test-method status="SKIP" signature="tearDown(org.testng.ITestResult)[pri:0, instance:Voot.smac.pages.test.HomePageTest@d8355a8]" name="tearDown" is-config="true" duration-ms="0" started-at="2018-03-25T14:53:00Z" finished-at="2018-03-25T14:53:00Z">
          <reporter-output>
          </reporter-output>
        </test-method> <!-- tearDown -->
        <test-method status="SKIP" signature="tearDown(org.testng.ITestResult)[pri:0, instance:Voot.smac.pages.test.HomePageTest@d8355a8]" name="tearDown" is-config="true" duration-ms="0" started-at="2018-03-25T14:53:00Z" finished-at="2018-03-25T14:53:00Z">
          <reporter-output>
          </reporter-output>
        </test-method> <!-- tearDown -->
        <test-method status="SKIP" signature="verifynewshowLinkinHomePage()[pri:0, instance:Voot.smac.pages.test.HomePageTest@d8355a8]" name="verifynewshowLinkinHomePage" duration-ms="0" started-at="2018-03-25T14:53:00Z" description="TC_HMP_003:- First level menu should contain following options.New Shows" finished-at="2018-03-25T14:53:00Z">
          <reporter-output>
          </reporter-output>
        </test-method> <!-- verifynewshowLinkinHomePage -->
        <test-method status="SKIP" signature="setBrowsers(java.lang.String)[pri:0, instance:Voot.smac.pages.test.HomePageTest@d8355a8]" name="setBrowsers" is-config="true" duration-ms="0" started-at="2018-03-25T14:53:00Z" finished-at="2018-03-25T14:53:00Z">
          <reporter-output>
          </reporter-output>
        </test-method> <!-- setBrowsers -->
        <test-method status="SKIP" signature="tearDown(org.testng.ITestResult)[pri:0, instance:Voot.smac.pages.test.HomePageTest@d8355a8]" name="tearDown" is-config="true" duration-ms="0" started-at="2018-03-25T14:53:00Z" finished-at="2018-03-25T14:53:00Z">
          <reporter-output>
          </reporter-output>
        </test-method> <!-- tearDown -->
        <test-method status="SKIP" signature="verifyshowsmenuinHomepage()[pri:0, instance:Voot.smac.pages.test.HomePageTest@d8355a8]" name="verifyshowsmenuinHomepage" duration-ms="0" started-at="2018-03-25T14:53:00Z" description="First level menu should contain following options.1.Shows" finished-at="2018-03-25T14:53:00Z">
          <reporter-output>
          </reporter-output>
        </test-method> <!-- verifyshowsmenuinHomepage -->
        <test-method status="SKIP" signature="setBrowsers(java.lang.String)[pri:0, instance:Voot.smac.pages.test.HomePageTest@d8355a8]" name="setBrowsers" is-config="true" duration-ms="0" started-at="2018-03-25T14:53:00Z" finished-at="2018-03-25T14:53:00Z">
          <reporter-output>
          </reporter-output>
        </test-method> <!-- setBrowsers -->
        <test-method status="SKIP" signature="verifykidsmenuinHomepage()[pri:0, instance:Voot.smac.pages.test.HomePageTest@d8355a8]" name="verifykidsmenuinHomepage" duration-ms="0" started-at="2018-03-25T14:53:00Z" description="First level menu should contain following options. Kids" finished-at="2018-03-25T14:53:00Z">
          <reporter-output>
          </reporter-output>
        </test-method> <!-- verifykidsmenuinHomepage -->
        <test-method status="SKIP" signature="tearDown(org.testng.ITestResult)[pri:0, instance:Voot.smac.pages.test.HomePageTest@d8355a8]" name="tearDown" is-config="true" duration-ms="0" started-at="2018-03-25T14:53:00Z" finished-at="2018-03-25T14:53:00Z">
          <reporter-output>
          </reporter-output>
        </test-method> <!-- tearDown -->
        <test-method status="SKIP" signature="setBrowsers(java.lang.String)[pri:0, instance:Voot.smac.pages.test.HomePageTest@d8355a8]" name="setBrowsers" is-config="true" duration-ms="0" started-at="2018-03-25T14:53:00Z" finished-at="2018-03-25T14:53:00Z">
          <reporter-output>
          </reporter-output>
        </test-method> <!-- setBrowsers -->
        <test-method status="SKIP" signature="setBrowsers(java.lang.String)[pri:0, instance:Voot.smac.pages.test.HomePageTest@d8355a8]" name="setBrowsers" is-config="true" duration-ms="0" started-at="2018-03-25T14:53:00Z" finished-at="2018-03-25T14:53:00Z">
          <reporter-output>
          </reporter-output>
        </test-method> <!-- setBrowsers -->
        <test-method status="SKIP" signature="verifyChannelsmenuinHomepage()[pri:0, instance:Voot.smac.pages.test.HomePageTest@d8355a8]" name="verifyChannelsmenuinHomepage" duration-ms="0" started-at="2018-03-25T14:53:00Z" description="First level menu should contain following options.Channels" finished-at="2018-03-25T14:53:00Z">
          <reporter-output>
          </reporter-output>
        </test-method> <!-- verifyChannelsmenuinHomepage -->
        <test-method status="SKIP" signature="tearDown(org.testng.ITestResult)[pri:0, instance:Voot.smac.pages.test.HomePageTest@d8355a8]" name="tearDown" is-config="true" duration-ms="0" started-at="2018-03-25T14:53:00Z" finished-at="2018-03-25T14:53:00Z">
          <reporter-output>
          </reporter-output>
        </test-method> <!-- tearDown -->
        <test-method status="SKIP" signature="tearDown(org.testng.ITestResult)[pri:0, instance:Voot.smac.pages.test.HomePageTest@d8355a8]" name="tearDown" is-config="true" duration-ms="0" started-at="2018-03-25T14:53:00Z" finished-at="2018-03-25T14:53:00Z">
          <reporter-output>
          </reporter-output>
        </test-method> <!-- tearDown -->
        <test-method status="SKIP" signature="setBrowsers(java.lang.String)[pri:0, instance:Voot.smac.pages.test.HomePageTest@d8355a8]" name="setBrowsers" is-config="true" duration-ms="0" started-at="2018-03-25T14:53:00Z" finished-at="2018-03-25T14:53:00Z">
          <reporter-output>
          </reporter-output>
        </test-method> <!-- setBrowsers -->
        <test-method status="SKIP" signature="verifyMoviesmenuinHomepage()[pri:0, instance:Voot.smac.pages.test.HomePageTest@d8355a8]" name="verifyMoviesmenuinHomepage" duration-ms="0" started-at="2018-03-25T14:53:00Z" description="First level menu should contain following options.Channels 4.Movies" finished-at="2018-03-25T14:53:00Z">
          <reporter-output>
          </reporter-output>
        </test-method> <!-- verifyMoviesmenuinHomepage -->
        <test-method status="SKIP" signature="setBrowsers(java.lang.String)[pri:0, instance:Voot.smac.pages.test.HomePageTest@d8355a8]" name="setBrowsers" is-config="true" duration-ms="0" started-at="2018-03-25T14:53:00Z" finished-at="2018-03-25T14:53:00Z">
          <reporter-output>
          </reporter-output>
        </test-method> <!-- setBrowsers -->
        <test-method status="SKIP" signature="verifySearchinHomepage()[pri:0, instance:Voot.smac.pages.test.HomePageTest@d8355a8]" name="verifySearchinHomepage" duration-ms="1" started-at="2018-03-25T14:53:00Z" finished-at="2018-03-25T14:53:00Z">
          <reporter-output>
          </reporter-output>
        </test-method> <!-- verifySearchinHomepage -->
        <test-method status="SKIP" signature="tearDown(org.testng.ITestResult)[pri:0, instance:Voot.smac.pages.test.HomePageTest@d8355a8]" name="tearDown" is-config="true" duration-ms="0" started-at="2018-03-25T14:53:00Z" finished-at="2018-03-25T14:53:00Z">
          <reporter-output>
          </reporter-output>
        </test-method> <!-- tearDown -->
        <test-method status="SKIP" signature="verifyuserloginiconinHomepage()[pri:0, instance:Voot.smac.pages.test.HomePageTest@d8355a8]" name="verifyuserloginiconinHomepage" duration-ms="0" started-at="2018-03-25T14:53:00Z" finished-at="2018-03-25T14:53:00Z">
          <reporter-output>
          </reporter-output>
        </test-method> <!-- verifyuserloginiconinHomepage -->
        <test-method status="SKIP" signature="tearDown(org.testng.ITestResult)[pri:0, instance:Voot.smac.pages.test.HomePageTest@d8355a8]" name="tearDown" is-config="true" duration-ms="0" started-at="2018-03-25T14:53:00Z" finished-at="2018-03-25T14:53:00Z">
          <reporter-output>
          </reporter-output>
        </test-method> <!-- tearDown -->
        <test-method status="SKIP" signature="setBrowsers(java.lang.String)[pri:0, instance:Voot.smac.pages.test.HomePageTest@d8355a8]" name="setBrowsers" is-config="true" duration-ms="0" started-at="2018-03-25T14:53:00Z" finished-at="2018-03-25T14:53:00Z">
          <reporter-output>
          </reporter-output>
        </test-method> <!-- setBrowsers -->
        <test-method status="SKIP" signature="tearDown(org.testng.ITestResult)[pri:0, instance:Voot.smac.pages.test.HomePageTest@d8355a8]" name="tearDown" is-config="true" duration-ms="0" started-at="2018-03-25T14:53:00Z" finished-at="2018-03-25T14:53:00Z">
          <reporter-output>
          </reporter-output>
        </test-method> <!-- tearDown -->
        <test-method status="SKIP" signature="clickOnTheNextButtonOnCoursoual()[pri:0, instance:Voot.smac.pages.test.HomePageTest@d8355a8]" name="clickOnTheNextButtonOnCoursoual" duration-ms="0" started-at="2018-03-25T14:53:00Z" description="Verify &#039;Next&#039;  buttons on thumbnai" finished-at="2018-03-25T14:53:00Z">
          <reporter-output>
          </reporter-output>
        </test-method> <!-- clickOnTheNextButtonOnCoursoual -->
        <test-method status="SKIP" signature="setBrowsers(java.lang.String)[pri:0, instance:Voot.smac.pages.test.HomePageTest@d8355a8]" name="setBrowsers" is-config="true" duration-ms="0" started-at="2018-03-25T14:53:00Z" finished-at="2018-03-25T14:53:00Z">
          <reporter-output>
          </reporter-output>
        </test-method> <!-- setBrowsers -->
        <test-method status="SKIP" signature="verifyAddBannerSectionl()[pri:0, instance:Voot.smac.pages.test.HomePageTest@d8355a8]" name="verifyAddBannerSectionl" duration-ms="0" started-at="2018-03-25T14:53:00Z" description="verify weather User is able to see add banner in home page" finished-at="2018-03-25T14:53:00Z">
          <reporter-output>
          </reporter-output>
        </test-method> <!-- verifyAddBannerSectionl -->
        <test-method status="SKIP" signature="setBrowsers(java.lang.String)[pri:0, instance:Voot.smac.pages.test.HomePageTest@d8355a8]" name="setBrowsers" is-config="true" duration-ms="0" started-at="2018-03-25T14:53:00Z" finished-at="2018-03-25T14:53:00Z">
          <reporter-output>
          </reporter-output>
        </test-method> <!-- setBrowsers -->
        <test-method status="SKIP" signature="tearDown(org.testng.ITestResult)[pri:0, instance:Voot.smac.pages.test.HomePageTest@d8355a8]" name="tearDown" is-config="true" duration-ms="0" started-at="2018-03-25T14:53:00Z" finished-at="2018-03-25T14:53:00Z">
          <reporter-output>
          </reporter-output>
        </test-method> <!-- tearDown -->
        <test-method status="SKIP" signature="tearDown(org.testng.ITestResult)[pri:0, instance:Voot.smac.pages.test.HomePageTest@d8355a8]" name="tearDown" is-config="true" duration-ms="0" started-at="2018-03-25T14:53:00Z" finished-at="2018-03-25T14:53:00Z">
          <reporter-output>
          </reporter-output>
        </test-method> <!-- tearDown -->
        <test-method status="SKIP" signature="setBrowsers(java.lang.String)[pri:0, instance:Voot.smac.pages.test.HomePageTest@d8355a8]" name="setBrowsers" is-config="true" duration-ms="0" started-at="2018-03-25T14:53:00Z" finished-at="2018-03-25T14:53:00Z">
          <reporter-output>
          </reporter-output>
        </test-method> <!-- setBrowsers -->
        <test-method status="SKIP" signature="clickOnThePreviousButtonOnCoursoual()[pri:0, instance:Voot.smac.pages.test.HomePageTest@d8355a8]" name="clickOnThePreviousButtonOnCoursoual" duration-ms="0" started-at="2018-03-25T14:53:00Z" description="Verify &#039;Previous&#039; buttons on  the main carousal  thumbnail " finished-at="2018-03-25T14:53:00Z">
          <reporter-output>
          </reporter-output>
        </test-method> <!-- clickOnThePreviousButtonOnCoursoual -->
        <test-method status="SKIP" signature="tearDown(org.testng.ITestResult)[pri:0, instance:Voot.smac.pages.test.HomePageTest@d8355a8]" name="tearDown" is-config="true" duration-ms="0" started-at="2018-03-25T14:53:00Z" finished-at="2018-03-25T14:53:00Z">
          <reporter-output>
          </reporter-output>
        </test-method> <!-- tearDown -->
        <test-method status="SKIP" signature="setBrowsers(java.lang.String)[pri:0, instance:Voot.smac.pages.test.HomePageTest@d8355a8]" name="setBrowsers" is-config="true" duration-ms="0" started-at="2018-03-25T14:53:00Z" finished-at="2018-03-25T14:53:00Z">
          <reporter-output>
          </reporter-output>
        </test-method> <!-- setBrowsers -->
        <test-method status="SKIP" signature="verifyDescriptionTextValueOFMasterCarousal()[pri:0, instance:Voot.smac.pages.test.HomePageTest@d8355a8]" name="verifyDescriptionTextValueOFMasterCarousal" duration-ms="0" started-at="2018-03-25T14:53:00Z" description="verify weather User is able to see courasual description text Value" finished-at="2018-03-25T14:53:00Z">
          <reporter-output>
          </reporter-output>
        </test-method> <!-- verifyDescriptionTextValueOFMasterCarousal -->
        <test-method status="SKIP" signature="endReport()[pri:0, instance:Voot.smac.pages.test.HomePageTest@d8355a8]" name="endReport" is-config="true" duration-ms="0" started-at="2018-03-25T14:53:00Z" finished-at="2018-03-25T14:53:00Z">
          <reporter-output>
          </reporter-output>
        </test-method> <!-- endReport -->
      </class> <!-- Voot.smac.pages.test.HomePageTest -->
    </test> <!-- Verification of Home page of voot application in chrome    browser -->
  </suite> <!-- Parallel test suite -->
</testng-results>
