<?xml version="1.0" encoding="UTF-8"?>
<testsuite name="TestSuite" time="124.817" tests="37" errors="0" skipped="36" failures="1">
  <properties>
[...]
</properties>
  <testcase name="setBrowsers" classname="Voot.smac.pages.test.HomePageTest" time="124.817">
    <failure message="Process unexpectedly closed with status 0&#10;Build info: version: &apos;3.5.1&apos;, revision: &apos;9c21bb67ef&apos;, time: &apos;2017-08-17T15:26:08.955Z&apos;&#10;System info: host: &apos;VDC01DLLAP0284&apos;, ip: &apos;192.168.23.5&apos;, os.name: &apos;Windows 7&apos;, os.arch: &apos;amd64&apos;, os.version: &apos;6.1&apos;, java.version: &apos;1.8.0_45&apos;&#10;Driver info: driver.version: FirefoxDriver&#10;remote stacktrace: " type="org.openqa.selenium.WebDriverException"><![CDATA[org.openqa.selenium.WebDriverException: Process unexpectedly closed with status 0
Build info: version: '3.5.1', revision: '9c21bb67ef', time: '2017-08-17T15:26:08.955Z'
System info: host: 'VDC01DLLAP0284', ip: '192.168.23.5', os.name: 'Windows 7', os.arch: 'amd64', os.version: '6.1', java.version: '1.8.0_45'
Driver info: driver.version: FirefoxDriver
remote stacktrace: 
	at sun.reflect.NativeConstructorAccessorImpl.newInstance0(Native Method)
	at sun.reflect.NativeConstructorAccessorImpl.newInstance(NativeConstructorAccessorImpl.java:62)
	at sun.reflect.DelegatingConstructorAccessorImpl.newInstance(DelegatingConstructorAccessorImpl.java:45)
	at java.lang.reflect.Constructor.newInstance(Constructor.java:422)
	at org.openqa.selenium.remote.W3CHandshakeResponse.lambda$new$0(W3CHandshakeResponse.java:57)
	at org.openqa.selenium.remote.W3CHandshakeResponse$$Lambda$100/348055829.apply(Unknown Source)
	at org.openqa.selenium.remote.W3CHandshakeResponse.lambda$getResponseFunction$2(W3CHandshakeResponse.java:104)
	at org.openqa.selenium.remote.W3CHandshakeResponse$$Lambda$102/137275020.apply(Unknown Source)
	at org.openqa.selenium.remote.ProtocolHandshake.lambda$createSession$24(ProtocolHandshake.java:360)
	at org.openqa.selenium.remote.ProtocolHandshake$$Lambda$103/1508181426.apply(Unknown Source)
	at java.util.stream.ReferencePipeline$3$1.accept(ReferencePipeline.java:193)
	at java.util.Spliterators$ArraySpliterator.tryAdvance(Spliterators.java:958)
	at java.util.stream.ReferencePipeline.forEachWithCancel(ReferencePipeline.java:126)
	at java.util.stream.AbstractPipeline.copyIntoWithCancel(AbstractPipeline.java:529)
	at java.util.stream.AbstractPipeline.copyInto(AbstractPipeline.java:516)
	at java.util.stream.AbstractPipeline.wrapAndCopyInto(AbstractPipeline.java:502)
	at java.util.stream.FindOps$FindOp.evaluateSequential(FindOps.java:152)
	at java.util.stream.AbstractPipeline.evaluate(AbstractPipeline.java:234)
	at java.util.stream.ReferencePipeline.findFirst(ReferencePipeline.java:464)
	at org.openqa.selenium.remote.ProtocolHandshake.createSession(ProtocolHandshake.java:363)
	at org.openqa.selenium.remote.ProtocolHandshake.createSession(ProtocolHandshake.java:137)
	at org.openqa.selenium.remote.HttpCommandExecutor.execute(HttpCommandExecutor.java:142)
	at org.openqa.selenium.remote.service.DriverCommandExecutor.execute(DriverCommandExecutor.java:82)
	at org.openqa.selenium.remote.RemoteWebDriver.execute(RemoteWebDriver.java:641)
	at org.openqa.selenium.remote.RemoteWebDriver.startSession(RemoteWebDriver.java:254)
	at org.openqa.selenium.remote.RemoteWebDriver.startSession(RemoteWebDriver.java:236)
	at org.openqa.selenium.remote.RemoteWebDriver.<init>(RemoteWebDriver.java:137)
	at org.openqa.selenium.firefox.FirefoxDriver.<init>(FirefoxDriver.java:191)
	at org.openqa.selenium.firefox.FirefoxDriver.<init>(FirefoxDriver.java:103)
	at org.openqa.selenium.firefox.FirefoxDriver.<init>(FirefoxDriver.java:99)
	at Voot.smac.pages.test.BaseClass.setBrowsers(BaseClass.java:66)
	at sun.reflect.NativeMethodAccessorImpl.invoke0(Native Method)
	at sun.reflect.NativeMethodAccessorImpl.invoke(NativeMethodAccessorImpl.java:62)
	at sun.reflect.DelegatingMethodAccessorImpl.invoke(DelegatingMethodAccessorImpl.java:43)
	at java.lang.reflect.Method.invoke(Method.java:497)
	at org.testng.internal.MethodInvocationHelper.invokeMethod(MethodInvocationHelper.java:80)
	at org.testng.internal.Invoker.invokeConfigurationMethod(Invoker.java:564)
	at org.testng.internal.Invoker.invokeConfigurations(Invoker.java:213)
	at org.testng.internal.Invoker.invokeMethod(Invoker.java:653)
	at org.testng.internal.Invoker.invokeTestMethod(Invoker.java:901)
	at org.testng.internal.Invoker.invokeTestMethods(Invoker.java:1231)
	at org.testng.internal.TestMethodWorker.invokeTestMethods(TestMethodWorker.java:127)
	at org.testng.internal.TestMethodWorker.run(TestMethodWorker.java:111)
	at org.testng.TestRunner.privateRun(TestRunner.java:767)
	at org.testng.TestRunner.run(TestRunner.java:617)
	at org.testng.SuiteRunner.runTest(SuiteRunner.java:334)
	at org.testng.SuiteRunner.runSequentially(SuiteRunner.java:329)
	at org.testng.SuiteRunner.privateRun(SuiteRunner.java:291)
	at org.testng.SuiteRunner.run(SuiteRunner.java:240)
	at org.testng.SuiteRunnerWorker.runSuite(SuiteRunnerWorker.java:52)
	at org.testng.SuiteRunnerWorker.run(SuiteRunnerWorker.java:86)
	at org.testng.TestNG.runSuitesSequentially(TestNG.java:1198)
	at org.testng.TestNG.runSuitesLocally(TestNG.java:1123)
	at org.testng.TestNG.run(TestNG.java:1031)
	at org.apache.maven.surefire.testng.TestNGExecutor.run(TestNGExecutor.java:295)
	at org.apache.maven.surefire.testng.TestNGXmlTestSuite.execute(TestNGXmlTestSuite.java:84)
	at org.apache.maven.surefire.testng.TestNGProvider.invoke(TestNGProvider.java:90)
	at org.apache.maven.surefire.booter.ForkedBooter.invokeProviderInSameClassLoader(ForkedBooter.java:203)
	at org.apache.maven.surefire.booter.ForkedBooter.runSuitesInProcess(ForkedBooter.java:155)
	at org.apache.maven.surefire.booter.ForkedBooter.main(ForkedBooter.java:103)
]]></failure>
    <system-err><![CDATA[1521969659089	geckodriver	INFO	geckodriver 0.20.0
1521969659104	geckodriver	INFO	Listening on 127.0.0.1:29237
1521969660290	mozrunner::runner	INFO	Running command: "C:\\Program Files (x86)\\Mozilla Firefox\\firefox.exe" "-marionette" "-profile" "C:\\Users\\RAVIND~1.PAR\\AppData\\Local\\Temp\\rust_mozprofile.atYq4O8tm8HH"
1521969663146	Marionette	INFO	Listening on port 2828
[Child 7000] WARNING: pipe error: 109: file c:/builds/moz2_slave/m-rel-w32-00000000000000000000/build/src/ipc/chromium/src/chrome/common/ipc_channel_win.cc, line 345
]]></system-err>
  </testcase>
  <testcase name="setBrowsers" classname="Voot.smac.pages.test.HomePageTest" time="0">
    <skipped/>
  </testcase>
  <testcase name="setBrowsers" classname="Voot.smac.pages.test.HomePageTest" time="0">
    <skipped/>
  </testcase>
  <testcase name="setBrowsers" classname="Voot.smac.pages.test.HomePageTest" time="0">
    <skipped/>
  </testcase>
  <testcase name="setBrowsers" classname="Voot.smac.pages.test.HomePageTest" time="0">
    <skipped/>
  </testcase>
  <testcase name="setBrowsers" classname="Voot.smac.pages.test.HomePageTest" time="0">
    <skipped/>
  </testcase>
  <testcase name="setBrowsers" classname="Voot.smac.pages.test.HomePageTest" time="0">
    <skipped/>
  </testcase>
  <testcase name="setBrowsers" classname="Voot.smac.pages.test.HomePageTest" time="0">
    <skipped/>
  </testcase>
  <testcase name="setBrowsers" classname="Voot.smac.pages.test.HomePageTest" time="0">
    <skipped/>
  </testcase>
  <testcase name="setBrowsers" classname="Voot.smac.pages.test.HomePageTest" time="0">
    <skipped/>
  </testcase>
  <testcase name="setBrowsers" classname="Voot.smac.pages.test.HomePageTest" time="0">
    <skipped/>
  </testcase>
  <testcase name="setBrowsers" classname="Voot.smac.pages.test.HomePageTest" time="0">
    <skipped/>
  </testcase>
  <testcase name="verifyVootLogoinHomePage" classname="Voot.smac.pages.test.HomePageTest" time="0">
    <skipped/>
  </testcase>
  <testcase name="tearDown" classname="Voot.smac.pages.test.HomePageTest" time="0">
    <skipped/>
  </testcase>
  <testcase name="tearDown" classname="Voot.smac.pages.test.HomePageTest" time="0">
    <skipped/>
  </testcase>
  <testcase name="tearDown" classname="Voot.smac.pages.test.HomePageTest" time="0">
    <skipped/>
  </testcase>
  <testcase name="tearDown" classname="Voot.smac.pages.test.HomePageTest" time="0">
    <skipped/>
  </testcase>
  <testcase name="tearDown" classname="Voot.smac.pages.test.HomePageTest" time="0">
    <skipped/>
  </testcase>
  <testcase name="tearDown" classname="Voot.smac.pages.test.HomePageTest" time="0">
    <skipped/>
  </testcase>
  <testcase name="tearDown" classname="Voot.smac.pages.test.HomePageTest" time="0">
    <skipped/>
  </testcase>
  <testcase name="tearDown" classname="Voot.smac.pages.test.HomePageTest" time="0">
    <skipped/>
  </testcase>
  <testcase name="tearDown" classname="Voot.smac.pages.test.HomePageTest" time="0">
    <skipped/>
  </testcase>
  <testcase name="tearDown" classname="Voot.smac.pages.test.HomePageTest" time="0">
    <skipped/>
  </testcase>
  <testcase name="tearDown" classname="Voot.smac.pages.test.HomePageTest" time="0">
    <skipped/>
  </testcase>
  <testcase name="tearDown" classname="Voot.smac.pages.test.HomePageTest" time="0">
    <skipped/>
  </testcase>
  <testcase name="verifynewshowLinkinHomePage" classname="Voot.smac.pages.test.HomePageTest" time="0">
    <skipped/>
  </testcase>
  <testcase name="verifyshowsmenuinHomepage" classname="Voot.smac.pages.test.HomePageTest" time="0">
    <skipped/>
  </testcase>
  <testcase name="verifykidsmenuinHomepage" classname="Voot.smac.pages.test.HomePageTest" time="0">
    <skipped/>
  </testcase>
  <testcase name="verifyChannelsmenuinHomepage" classname="Voot.smac.pages.test.HomePageTest" time="0">
    <skipped/>
  </testcase>
  <testcase name="verifyMoviesmenuinHomepage" classname="Voot.smac.pages.test.HomePageTest" time="0">
    <skipped/>
  </testcase>
  <testcase name="verifySearchinHomepage" classname="Voot.smac.pages.test.HomePageTest" time="0">
    <skipped/>
  </testcase>
  <testcase name="verifyuserloginiconinHomepage" classname="Voot.smac.pages.test.HomePageTest" time="0">
    <skipped/>
  </testcase>
  <testcase name="clickOnTheNextButtonOnCoursoual" classname="Voot.smac.pages.test.HomePageTest" time="0">
    <skipped/>
  </testcase>
  <testcase name="verifyAddBannerSectionl" classname="Voot.smac.pages.test.HomePageTest" time="0">
    <skipped/>
  </testcase>
  <testcase name="clickOnThePreviousButtonOnCoursoual" classname="Voot.smac.pages.test.HomePageTest" time="0">
    <skipped/>
  </testcase>
  <testcase name="verifyDescriptionTextValueOFMasterCarousal" classname="Voot.smac.pages.test.HomePageTest" time="0">
    <skipped/>
  </testcase>
  <testcase name="endReport" classname="Voot.smac.pages.test.HomePageTest" time="0">
    <skipped/>
  </testcase>
</testsuite>