<?xml version="1.0" encoding="UTF-8"?>
<testng-results skipped="0" failed="0" total="24" passed="24">
  <reporter-output>
    <line>
      <![CDATA[voot logo is present and it is displaying in the portal]]>
    </line>
    <line>
      <![CDATA[voot logo is present in home page]]>
    </line>
    <line>
      <![CDATA[showName and it is displaying & RISING STAR S02 is clickable in the portal]]>
    </line>
    <line>
      <![CDATA[New show is present in home page]]>
    </line>
    <line>
      <![CDATA[showsNameinshowmenu showsNameinshowmenu it is displaying & clickable in the portal]]>
    </line>
    <line>
      <![CDATA[show Menu is present in home page]]>
    </line>
    <line>
      <![CDATA[kids link is displaying and it is clickable in the portal]]>
    </line>
    <line>
      <![CDATA[Kids Tab  is present in home page]]>
    </line>
    <line>
      <![CDATA[channls link is displaying and it is clickable in the portal]]>
    </line>
    <line>
      <![CDATA[Channel menu & Tab  is present in home page]]>
    </line>
    <line>
      <![CDATA[Movies link is displaying and it is clickable in the portal]]>
    </line>
    <line>
      <![CDATA[Channel menu & Tab  is present in home page]]>
    </line>
    <line>
      <![CDATA[Search icon is displaying and it is clickable in the portal]]>
    </line>
    <line>
      <![CDATA[Search icon is present in home page]]>
    </line>
    <line>
      <![CDATA[User login logo is displaying and it is clickable in the portal]]>
    </line>
    <line>
      <![CDATA[Profile icon is present in home page]]>
    </line>
    <line>
      <![CDATA[Ad banner has been  Highlighted]]>
    </line>
    <line>
      <![CDATA[Ad Banner is displaying on the home page screen]]>
    </line>
    <line>
      <![CDATA[Back button is  Highlighted]]>
    </line>
    <line>
      <![CDATA[show link is present in home page]]>
    </line>
    <line>
      <![CDATA[user click on 'Profile Avatar',login popup is displaying.]]>
    </line>
    <line>
      <![CDATA[Voot login icon is present]]>
    </line>
    <line>
      <![CDATA[This is the message getting from system USE YOUR EMAIL ADDRESS]]>
    </line>
    <line>
      <![CDATA[user click on 'Profile Avatar',login popup is displaying.]]>
    </line>
    <line>
      <![CDATA[user click on 'Profile Avatar',login popup is displaying.]]>
    </line>
    <line>
      <![CDATA[user mousehover on 'Channels' in the header menu of  'Homepage']]>
    </line>
    <line>
      <![CDATA[user mousehover on 'Channels' in the header menu of  'Homepage']]>
    </line>
    <line>
      <![CDATA[user mousehover on 'Channels' in the header menu of  'Homepage']]>
    </line>
    <line>
      <![CDATA[user mousehover on movies in the header menu of  'Homepage'.]]>
    </line>
    <line>
      <![CDATA[Overlay list should be displayed and list should contain all the movies]]>
    </line>
    <line>
      <![CDATA[popular hindi movies Menu is displaying inside the movies Section]]>
    </line>
    <line>
      <![CDATA[popular kannada movies Menu is displaying inside the movies Section]]>
    </line>
    <line>
      <![CDATA[popular Bangali movies Menu is displaying inside the movies Section]]>
    </line>
    <line>
      <![CDATA[popular Kids movies Menu is displaying inside the movies Section]]>
    </line>
    <line>
      <![CDATA[Search Icon is present in home page]]>
    </line>
    <line>
      <![CDATA[Search icon is present in Search page]]>
    </line>
    <line>
      <![CDATA[Search Text box is present in Search page]]>
    </line>
  </reporter-output>
  <suite name="Parallel test suite" duration-ms="680316" started-at="2018-03-30T09:12:20Z" finished-at="2018-03-30T09:23:40Z">
    <groups>
    </groups>
    <test name="Verification of Home page of voot application in chrome /firefox   browser" duration-ms="251123" started-at="2018-03-30T09:12:20Z" finished-at="2018-03-30T09:16:31Z">
      <class name="Voot.smac.pages.test.HomePageTest">
        <test-method status="PASS" signature="setExtent()[pri:0, instance:Voot.smac.pages.test.HomePageTest@14acaea5]" name="setExtent" is-config="true" duration-ms="520" started-at="2018-03-30T14:42:20Z" finished-at="2018-03-30T14:42:20Z">
          <reporter-output>
          </reporter-output>
        </test-method> <!-- setExtent -->
        <test-method status="PASS" signature="setBrowsers(java.lang.String)[pri:0, instance:Voot.smac.pages.test.HomePageTest@14acaea5]" name="setBrowsers" is-config="true" duration-ms="12006" started-at="2018-03-30T14:42:20Z" finished-at="2018-03-30T14:42:32Z">
          <params>
            <param index="0">
              <value>
                <![CDATA[chrome]]>
              </value>
            </param>
          </params>
          <reporter-output>
          </reporter-output>
        </test-method> <!-- setBrowsers -->
        <test-method status="PASS" signature="verifyVootLogoinHomePage()[pri:0, instance:Voot.smac.pages.test.HomePageTest@14acaea5]" name="verifyVootLogoinHomePage" duration-ms="2127" started-at="2018-03-30T14:42:32Z" description="Verify Mega menu options in the Homepage of &#039;Voot&#039; Application " finished-at="2018-03-30T14:42:35Z">
          <reporter-output>
            <line>
              <![CDATA[voot logo is present and it is displaying in the portal]]>
            </line>
            <line>
              <![CDATA[voot logo is present in home page]]>
            </line>
            <line>
              <![CDATA[showName and it is displaying & RISING STAR S02 is clickable in the portal]]>
            </line>
            <line>
              <![CDATA[New show is present in home page]]>
            </line>
            <line>
              <![CDATA[showsNameinshowmenu showsNameinshowmenu it is displaying & clickable in the portal]]>
            </line>
            <line>
              <![CDATA[show Menu is present in home page]]>
            </line>
            <line>
              <![CDATA[kids link is displaying and it is clickable in the portal]]>
            </line>
            <line>
              <![CDATA[Kids Tab  is present in home page]]>
            </line>
            <line>
              <![CDATA[channls link is displaying and it is clickable in the portal]]>
            </line>
            <line>
              <![CDATA[Channel menu & Tab  is present in home page]]>
            </line>
            <line>
              <![CDATA[Movies link is displaying and it is clickable in the portal]]>
            </line>
            <line>
              <![CDATA[Channel menu & Tab  is present in home page]]>
            </line>
            <line>
              <![CDATA[Search icon is displaying and it is clickable in the portal]]>
            </line>
            <line>
              <![CDATA[Search icon is present in home page]]>
            </line>
            <line>
              <![CDATA[User login logo is displaying and it is clickable in the portal]]>
            </line>
            <line>
              <![CDATA[Profile icon is present in home page]]>
            </line>
          </reporter-output>
        </test-method> <!-- verifyVootLogoinHomePage -->
        <test-method status="PASS" signature="tearDown(org.testng.ITestResult)[pri:0, instance:Voot.smac.pages.test.HomePageTest@14acaea5]" name="tearDown" is-config="true" duration-ms="1925" started-at="2018-03-30T14:42:35Z" finished-at="2018-03-30T14:42:36Z">
          <params>
            <param index="0">
              <value>
                <![CDATA[[TestResult name=verifyVootLogoinHomePage status=SUCCESS method=HomePageTest.verifyVootLogoinHomePage()[pri:0, instance:Voot.smac.pages.test.HomePageTest@14acaea5] output=voot logo is present and it is displaying in the portal]]]>
              </value>
            </param>
          </params>
          <reporter-output>
          </reporter-output>
        </test-method> <!-- tearDown -->
        <test-method status="PASS" signature="setBrowsers(java.lang.String)[pri:0, instance:Voot.smac.pages.test.HomePageTest@14acaea5]" name="setBrowsers" is-config="true" duration-ms="11710" started-at="2018-03-30T14:42:36Z" finished-at="2018-03-30T14:42:48Z">
          <params>
            <param index="0">
              <value>
                <![CDATA[chrome]]>
              </value>
            </param>
          </params>
          <reporter-output>
          </reporter-output>
        </test-method> <!-- setBrowsers -->
        <test-method status="PASS" signature="clickOnTheNextButtonOnCoursoual()[pri:0, instance:Voot.smac.pages.test.HomePageTest@14acaea5]" name="clickOnTheNextButtonOnCoursoual" duration-ms="42110" started-at="2018-03-30T14:42:48Z" description="Verify &#039;Next&#039;  buttons on thumbnai" finished-at="2018-03-30T14:43:30Z">
          <reporter-output>
          </reporter-output>
        </test-method> <!-- clickOnTheNextButtonOnCoursoual -->
        <test-method status="PASS" signature="tearDown(org.testng.ITestResult)[pri:0, instance:Voot.smac.pages.test.HomePageTest@14acaea5]" name="tearDown" is-config="true" duration-ms="1977" started-at="2018-03-30T14:43:30Z" finished-at="2018-03-30T14:43:32Z">
          <params>
            <param index="0">
              <value>
                <![CDATA[[TestResult name=clickOnTheNextButtonOnCoursoual status=SUCCESS method=HomePageTest.clickOnTheNextButtonOnCoursoual()[pri:0, instance:Voot.smac.pages.test.HomePageTest@14acaea5] output={null}]]]>
              </value>
            </param>
          </params>
          <reporter-output>
          </reporter-output>
        </test-method> <!-- tearDown -->
        <test-method status="PASS" signature="setBrowsers(java.lang.String)[pri:0, instance:Voot.smac.pages.test.HomePageTest@14acaea5]" name="setBrowsers" is-config="true" duration-ms="13245" started-at="2018-03-30T14:43:32Z" finished-at="2018-03-30T14:43:45Z">
          <params>
            <param index="0">
              <value>
                <![CDATA[chrome]]>
              </value>
            </param>
          </params>
          <reporter-output>
          </reporter-output>
        </test-method> <!-- setBrowsers -->
        <test-method status="PASS" signature="verifyAddBannerSectionl()[pri:0, instance:Voot.smac.pages.test.HomePageTest@14acaea5]" name="verifyAddBannerSectionl" duration-ms="121984" started-at="2018-03-30T14:43:45Z" description="verify weather User is able to see add banner in home page" finished-at="2018-03-30T14:45:47Z">
          <reporter-output>
            <line>
              <![CDATA[Ad banner has been  Highlighted]]>
            </line>
            <line>
              <![CDATA[Ad Banner is displaying on the home page screen]]>
            </line>
          </reporter-output>
        </test-method> <!-- verifyAddBannerSectionl -->
        <test-method status="PASS" signature="tearDown(org.testng.ITestResult)[pri:0, instance:Voot.smac.pages.test.HomePageTest@14acaea5]" name="tearDown" is-config="true" duration-ms="2228" started-at="2018-03-30T14:45:47Z" finished-at="2018-03-30T14:45:50Z">
          <params>
            <param index="0">
              <value>
                <![CDATA[[TestResult name=verifyAddBannerSectionl status=SUCCESS method=HomePageTest.verifyAddBannerSectionl()[pri:0, instance:Voot.smac.pages.test.HomePageTest@14acaea5] output=Ad banner has been  Highlighted]]]>
              </value>
            </param>
          </params>
          <reporter-output>
          </reporter-output>
        </test-method> <!-- tearDown -->
        <test-method status="PASS" signature="setBrowsers(java.lang.String)[pri:0, instance:Voot.smac.pages.test.HomePageTest@14acaea5]" name="setBrowsers" is-config="true" duration-ms="11276" started-at="2018-03-30T14:45:50Z" finished-at="2018-03-30T14:46:01Z">
          <params>
            <param index="0">
              <value>
                <![CDATA[chrome]]>
              </value>
            </param>
          </params>
          <reporter-output>
          </reporter-output>
        </test-method> <!-- setBrowsers -->
        <test-method status="PASS" signature="verifyDescriptionTextValueOFMasterCarousal()[pri:0, instance:Voot.smac.pages.test.HomePageTest@14acaea5]" name="verifyDescriptionTextValueOFMasterCarousal" duration-ms="12337" started-at="2018-03-30T14:46:01Z" description="verify weather User is able to see courasual description text Value" finished-at="2018-03-30T14:46:13Z">
          <reporter-output>
          </reporter-output>
        </test-method> <!-- verifyDescriptionTextValueOFMasterCarousal -->
        <test-method status="PASS" signature="tearDown(org.testng.ITestResult)[pri:0, instance:Voot.smac.pages.test.HomePageTest@14acaea5]" name="tearDown" is-config="true" duration-ms="2032" started-at="2018-03-30T14:46:13Z" finished-at="2018-03-30T14:46:15Z">
          <params>
            <param index="0">
              <value>
                <![CDATA[[TestResult name=verifyDescriptionTextValueOFMasterCarousal status=SUCCESS method=HomePageTest.verifyDescriptionTextValueOFMasterCarousal()[pri:0, instance:Voot.smac.pages.test.HomePageTest@14acaea5] output={null}]]]>
              </value>
            </param>
          </params>
          <reporter-output>
          </reporter-output>
        </test-method> <!-- tearDown -->
        <test-method status="PASS" signature="setBrowsers(java.lang.String)[pri:0, instance:Voot.smac.pages.test.HomePageTest@14acaea5]" name="setBrowsers" is-config="true" duration-ms="10453" started-at="2018-03-30T14:46:15Z" finished-at="2018-03-30T14:46:26Z">
          <params>
            <param index="0">
              <value>
                <![CDATA[chrome]]>
              </value>
            </param>
          </params>
          <reporter-output>
          </reporter-output>
        </test-method> <!-- setBrowsers -->
        <test-method status="PASS" signature="clickOnThePreviousButtonOnCoursoual()[pri:0, instance:Voot.smac.pages.test.HomePageTest@14acaea5]" name="clickOnThePreviousButtonOnCoursoual" duration-ms="2681" started-at="2018-03-30T14:46:26Z" description="Verify &#039;Previous&#039; buttons on  the main carousal  thumbnail " finished-at="2018-03-30T14:46:28Z">
          <reporter-output>
            <line>
              <![CDATA[Back button is  Highlighted]]>
            </line>
          </reporter-output>
        </test-method> <!-- clickOnThePreviousButtonOnCoursoual -->
        <test-method status="PASS" signature="tearDown(org.testng.ITestResult)[pri:0, instance:Voot.smac.pages.test.HomePageTest@14acaea5]" name="tearDown" is-config="true" duration-ms="2014" started-at="2018-03-30T14:46:28Z" finished-at="2018-03-30T14:46:31Z">
          <params>
            <param index="0">
              <value>
                <![CDATA[[TestResult name=clickOnThePreviousButtonOnCoursoual status=SUCCESS method=HomePageTest.clickOnThePreviousButtonOnCoursoual()[pri:0, instance:Voot.smac.pages.test.HomePageTest@14acaea5] output=Back button is  Highlighted]]]>
              </value>
            </param>
          </params>
          <reporter-output>
          </reporter-output>
        </test-method> <!-- tearDown -->
        <test-method status="PASS" signature="endReport()[pri:0, instance:Voot.smac.pages.test.HomePageTest@14acaea5]" name="endReport" is-config="true" duration-ms="468" started-at="2018-03-30T14:46:31Z" finished-at="2018-03-30T14:46:31Z">
          <reporter-output>
          </reporter-output>
        </test-method> <!-- endReport -->
      </class> <!-- Voot.smac.pages.test.HomePageTest -->
    </test> <!-- Verification of Home page of voot application in chrome /firefox   browser -->
    <test name="Verification of Show page of voot application in chrome browser" duration-ms="43352" started-at="2018-03-30T09:16:31Z" finished-at="2018-03-30T09:17:14Z">
      <class name="Voot.smac.pages.test.ShowPagesTest">
        <test-method status="PASS" signature="setExtent()[pri:0, instance:Voot.smac.pages.test.ShowPagesTest@39c0f4a]" name="setExtent" is-config="true" duration-ms="47" started-at="2018-03-30T14:46:31Z" finished-at="2018-03-30T14:46:31Z">
          <reporter-output>
          </reporter-output>
        </test-method> <!-- setExtent -->
        <test-method status="PASS" signature="setBrowsers(java.lang.String)[pri:0, instance:Voot.smac.pages.test.ShowPagesTest@39c0f4a]" name="setBrowsers" is-config="true" duration-ms="12372" started-at="2018-03-30T14:46:31Z" finished-at="2018-03-30T14:46:43Z">
          <params>
            <param index="0">
              <value>
                <![CDATA[chrome]]>
              </value>
            </param>
          </params>
          <reporter-output>
          </reporter-output>
        </test-method> <!-- setBrowsers -->
        <test-method status="PASS" signature="clickedshowlink()[pri:0, instance:Voot.smac.pages.test.ShowPagesTest@39c0f4a]" name="clickedshowlink" duration-ms="7680" started-at="2018-03-30T14:46:43Z" description="TC_HMP_004 :- Verify list overlay is displayed when user mousehover on &#039;Shows&#039; in the header menu of  &#039;Homepage&#039;. " finished-at="2018-03-30T14:46:51Z">
          <reporter-output>
            <line>
              <![CDATA[show link is present in home page]]>
            </line>
          </reporter-output>
        </test-method> <!-- clickedshowlink -->
        <test-method status="PASS" signature="tearDown(org.testng.ITestResult)[pri:0, instance:Voot.smac.pages.test.ShowPagesTest@39c0f4a]" name="tearDown" is-config="true" duration-ms="1980" started-at="2018-03-30T14:46:51Z" finished-at="2018-03-30T14:46:53Z">
          <params>
            <param index="0">
              <value>
                <![CDATA[[TestResult name=clickedshowlink status=SUCCESS method=ShowPagesTest.clickedshowlink()[pri:0, instance:Voot.smac.pages.test.ShowPagesTest@39c0f4a] output=show link is present in home page]]]>
              </value>
            </param>
          </params>
          <reporter-output>
          </reporter-output>
        </test-method> <!-- tearDown -->
        <test-method status="PASS" signature="setBrowsers(java.lang.String)[pri:0, instance:Voot.smac.pages.test.ShowPagesTest@39c0f4a]" name="setBrowsers" is-config="true" duration-ms="11317" started-at="2018-03-30T14:46:53Z" finished-at="2018-03-30T14:47:04Z">
          <params>
            <param index="0">
              <value>
                <![CDATA[chrome]]>
              </value>
            </param>
          </params>
          <reporter-output>
          </reporter-output>
        </test-method> <!-- setBrowsers -->
        <test-method status="PASS" signature="clickedkidslink()[pri:0, instance:Voot.smac.pages.test.ShowPagesTest@39c0f4a]" name="clickedkidslink" duration-ms="7727" started-at="2018-03-30T14:47:04Z" description="Verify weather user is able to click onthe kids link on the header" finished-at="2018-03-30T14:47:12Z">
          <reporter-output>
          </reporter-output>
        </test-method> <!-- clickedkidslink -->
        <test-method status="PASS" signature="tearDown(org.testng.ITestResult)[pri:0, instance:Voot.smac.pages.test.ShowPagesTest@39c0f4a]" name="tearDown" is-config="true" duration-ms="2053" started-at="2018-03-30T14:47:12Z" finished-at="2018-03-30T14:47:14Z">
          <params>
            <param index="0">
              <value>
                <![CDATA[[TestResult name=clickedkidslink status=SUCCESS method=ShowPagesTest.clickedkidslink()[pri:0, instance:Voot.smac.pages.test.ShowPagesTest@39c0f4a] output={null}]]]>
              </value>
            </param>
          </params>
          <reporter-output>
          </reporter-output>
        </test-method> <!-- tearDown -->
        <test-method status="PASS" signature="endReport()[pri:0, instance:Voot.smac.pages.test.ShowPagesTest@39c0f4a]" name="endReport" is-config="true" duration-ms="176" started-at="2018-03-30T14:47:14Z" finished-at="2018-03-30T14:47:14Z">
          <reporter-output>
          </reporter-output>
        </test-method> <!-- endReport -->
      </class> <!-- Voot.smac.pages.test.ShowPagesTest -->
    </test> <!-- Verification of Show page of voot application in chrome browser -->
    <test name="Verification of voot login page  in voot application " duration-ms="71850" started-at="2018-03-30T09:17:14Z" finished-at="2018-03-30T09:18:26Z">
      <class name="Voot.smac.pages.test.VootLoginPageTest">
        <test-method status="PASS" signature="setExtent()[pri:0, instance:Voot.smac.pages.test.VootLoginPageTest@4667ae56]" name="setExtent" is-config="true" duration-ms="140" started-at="2018-03-30T14:47:14Z" finished-at="2018-03-30T14:47:15Z">
          <reporter-output>
          </reporter-output>
        </test-method> <!-- setExtent -->
        <test-method status="PASS" signature="setBrowsers(java.lang.String)[pri:0, instance:Voot.smac.pages.test.VootLoginPageTest@4667ae56]" name="setBrowsers" is-config="true" duration-ms="11434" started-at="2018-03-30T14:47:15Z" finished-at="2018-03-30T14:47:26Z">
          <params>
            <param index="0">
              <value>
                <![CDATA[chrome]]>
              </value>
            </param>
          </params>
          <reporter-output>
          </reporter-output>
        </test-method> <!-- setBrowsers -->
        <test-method status="PASS" signature="verifyLoginScreeen()[pri:0, instance:Voot.smac.pages.test.VootLoginPageTest@4667ae56]" name="verifyLoginScreeen" duration-ms="24778" started-at="2018-03-30T14:47:26Z" description="Verify  whether login popup is displayed when user click on profile avatar in Homepage before logging in to application." finished-at="2018-03-30T14:47:51Z">
          <reporter-output>
            <line>
              <![CDATA[user click on 'Profile Avatar',login popup is displaying.]]>
            </line>
            <line>
              <![CDATA[Voot login icon is present]]>
            </line>
            <line>
              <![CDATA[This is the message getting from system USE YOUR EMAIL ADDRESS]]>
            </line>
          </reporter-output>
        </test-method> <!-- verifyLoginScreeen -->
        <test-method status="PASS" signature="tearDown(org.testng.ITestResult)[pri:0, instance:Voot.smac.pages.test.VootLoginPageTest@4667ae56]" name="tearDown" is-config="true" duration-ms="1985" started-at="2018-03-30T14:47:51Z" finished-at="2018-03-30T14:47:53Z">
          <params>
            <param index="0">
              <value>
                <![CDATA[[TestResult name=verifyLoginScreeen status=SUCCESS method=VootLoginPageTest.verifyLoginScreeen()[pri:0, instance:Voot.smac.pages.test.VootLoginPageTest@4667ae56] output=user click on 'Profile Avatar',login popup is displaying.]]]>
              </value>
            </param>
          </params>
          <reporter-output>
          </reporter-output>
        </test-method> <!-- tearDown -->
        <test-method status="PASS" signature="setBrowsers(java.lang.String)[pri:0, instance:Voot.smac.pages.test.VootLoginPageTest@4667ae56]" name="setBrowsers" is-config="true" duration-ms="11393" started-at="2018-03-30T14:47:53Z" finished-at="2018-03-30T14:48:04Z">
          <params>
            <param index="0">
              <value>
                <![CDATA[chrome]]>
              </value>
            </param>
          </params>
          <reporter-output>
          </reporter-output>
        </test-method> <!-- setBrowsers -->
        <test-method status="PASS" signature="EnterbankEmailidandverifyerrormessage()[pri:0, instance:Voot.smac.pages.test.VootLoginPageTest@4667ae56]" name="EnterbankEmailidandverifyerrormessage" duration-ms="2987" started-at="2018-03-30T14:48:04Z" description="Verification of Login PopUp in Voot Application" finished-at="2018-03-30T14:48:07Z">
          <reporter-output>
            <line>
              <![CDATA[user click on 'Profile Avatar',login popup is displaying.]]>
            </line>
          </reporter-output>
        </test-method> <!-- EnterbankEmailidandverifyerrormessage -->
        <test-method status="PASS" signature="tearDown(org.testng.ITestResult)[pri:0, instance:Voot.smac.pages.test.VootLoginPageTest@4667ae56]" name="tearDown" is-config="true" duration-ms="1995" started-at="2018-03-30T14:48:07Z" finished-at="2018-03-30T14:48:09Z">
          <params>
            <param index="0">
              <value>
                <![CDATA[[TestResult name=EnterbankEmailidandverifyerrormessage status=SUCCESS method=VootLoginPageTest.EnterbankEmailidandverifyerrormessage()[pri:0, instance:Voot.smac.pages.test.VootLoginPageTest@4667ae56] output=user click on 'Profile Avatar',login popup is displaying.]]]>
              </value>
            </param>
          </params>
          <reporter-output>
          </reporter-output>
        </test-method> <!-- tearDown -->
        <test-method status="PASS" signature="setBrowsers(java.lang.String)[pri:0, instance:Voot.smac.pages.test.VootLoginPageTest@4667ae56]" name="setBrowsers" is-config="true" duration-ms="10475" started-at="2018-03-30T14:48:09Z" finished-at="2018-03-30T14:48:20Z">
          <params>
            <param index="0">
              <value>
                <![CDATA[chrome]]>
              </value>
            </param>
          </params>
          <reporter-output>
          </reporter-output>
        </test-method> <!-- setBrowsers -->
        <test-method status="PASS" signature="enter_valid_Email_In_input_Text_field()[pri:0, instance:Voot.smac.pages.test.VootLoginPageTest@4667ae56]" name="enter_valid_Email_In_input_Text_field" duration-ms="4552" started-at="2018-03-30T14:48:20Z" description="verify valid email id in Login PopUp in Voot Application" finished-at="2018-03-30T14:48:24Z">
          <reporter-output>
            <line>
              <![CDATA[user click on 'Profile Avatar',login popup is displaying.]]>
            </line>
          </reporter-output>
        </test-method> <!-- enter_valid_Email_In_input_Text_field -->
        <test-method status="PASS" signature="tearDown(org.testng.ITestResult)[pri:0, instance:Voot.smac.pages.test.VootLoginPageTest@4667ae56]" name="tearDown" is-config="true" duration-ms="2001" started-at="2018-03-30T14:48:24Z" finished-at="2018-03-30T14:48:26Z">
          <params>
            <param index="0">
              <value>
                <![CDATA[[TestResult name=enter_valid_Email_In_input_Text_field status=SUCCESS method=VootLoginPageTest.enter_valid_Email_In_input_Text_field()[pri:0, instance:Voot.smac.pages.test.VootLoginPageTest@4667ae56] output=user click on 'Profile Avatar',login popup is displaying.]]]>
              </value>
            </param>
          </params>
          <reporter-output>
          </reporter-output>
        </test-method> <!-- tearDown -->
        <test-method status="PASS" signature="endReport()[pri:0, instance:Voot.smac.pages.test.VootLoginPageTest@4667ae56]" name="endReport" is-config="true" duration-ms="110" started-at="2018-03-30T14:48:26Z" finished-at="2018-03-30T14:48:26Z">
          <reporter-output>
          </reporter-output>
        </test-method> <!-- endReport -->
      </class> <!-- Voot.smac.pages.test.VootLoginPageTest -->
    </test> <!-- Verification of voot login page  in voot application  -->
    <test name="Verification of Channel page in voot application " duration-ms="72770" started-at="2018-03-30T09:18:26Z" finished-at="2018-03-30T09:19:39Z">
      <class name="Voot.smac.pages.test.ChannelsPageTest">
        <test-method status="PASS" signature="setExtent()[pri:0, instance:Voot.smac.pages.test.ChannelsPageTest@6eebc39e]" name="setExtent" is-config="true" duration-ms="62" started-at="2018-03-30T14:48:26Z" finished-at="2018-03-30T14:48:26Z">
          <reporter-output>
          </reporter-output>
        </test-method> <!-- setExtent -->
        <test-method status="PASS" signature="setBrowsers(java.lang.String)[pri:0, instance:Voot.smac.pages.test.ChannelsPageTest@6eebc39e]" name="setBrowsers" is-config="true" duration-ms="12274" started-at="2018-03-30T14:48:26Z" finished-at="2018-03-30T14:48:39Z">
          <params>
            <param index="0">
              <value>
                <![CDATA[chrome]]>
              </value>
            </param>
          </params>
          <reporter-output>
          </reporter-output>
        </test-method> <!-- setBrowsers -->
        <test-method status="PASS" signature="mousehover_ChannelsInHeaderMenuOfHomepage()[pri:0, instance:Voot.smac.pages.test.ChannelsPageTest@6eebc39e]" name="mousehover_ChannelsInHeaderMenuOfHomepage" duration-ms="582" started-at="2018-03-30T14:48:39Z" description="Verify list overlay is displayed when user mousehover on &#039;Channels&#039; in the header menu of  &#039;Homepage&#039;." finished-at="2018-03-30T14:48:39Z">
          <reporter-output>
            <line>
              <![CDATA[user mousehover on 'Channels' in the header menu of  'Homepage']]>
            </line>
          </reporter-output>
        </test-method> <!-- mousehover_ChannelsInHeaderMenuOfHomepage -->
        <test-method status="PASS" signature="tearDown(org.testng.ITestResult)[pri:0, instance:Voot.smac.pages.test.ChannelsPageTest@6eebc39e]" name="tearDown" is-config="true" duration-ms="2013" started-at="2018-03-30T14:48:39Z" finished-at="2018-03-30T14:48:41Z">
          <params>
            <param index="0">
              <value>
                <![CDATA[[TestResult name=mousehover_ChannelsInHeaderMenuOfHomepage status=SUCCESS method=ChannelsPageTest.mousehover_ChannelsInHeaderMenuOfHomepage()[pri:0, instance:Voot.smac.pages.test.ChannelsPageTest@6eebc39e] output=user mousehover on 'Channels' in the header menu of  'Homepage']]]>
              </value>
            </param>
          </params>
          <reporter-output>
          </reporter-output>
        </test-method> <!-- tearDown -->
        <test-method status="PASS" signature="setBrowsers(java.lang.String)[pri:0, instance:Voot.smac.pages.test.ChannelsPageTest@6eebc39e]" name="setBrowsers" is-config="true" duration-ms="10554" started-at="2018-03-30T14:48:41Z" finished-at="2018-03-30T14:48:52Z">
          <params>
            <param index="0">
              <value>
                <![CDATA[chrome]]>
              </value>
            </param>
          </params>
          <reporter-output>
          </reporter-output>
        </test-method> <!-- setBrowsers -->
        <test-method status="PASS" signature="OverlaywithListofchannels()[pri:0, instance:Voot.smac.pages.test.ChannelsPageTest@6eebc39e]" name="OverlaywithListofchannels" duration-ms="14306" started-at="2018-03-30T14:48:52Z" description="Verify whether user is able to view all the elements present in Channels overlay." finished-at="2018-03-30T14:49:06Z">
          <reporter-output>
          </reporter-output>
        </test-method> <!-- OverlaywithListofchannels -->
        <test-method status="PASS" signature="tearDown(org.testng.ITestResult)[pri:0, instance:Voot.smac.pages.test.ChannelsPageTest@6eebc39e]" name="tearDown" is-config="true" duration-ms="1986" started-at="2018-03-30T14:49:06Z" finished-at="2018-03-30T14:49:08Z">
          <params>
            <param index="0">
              <value>
                <![CDATA[[TestResult name=OverlaywithListofchannels status=SUCCESS method=ChannelsPageTest.OverlaywithListofchannels()[pri:0, instance:Voot.smac.pages.test.ChannelsPageTest@6eebc39e] output={null}]]]>
              </value>
            </param>
          </params>
          <reporter-output>
          </reporter-output>
        </test-method> <!-- tearDown -->
        <test-method status="PASS" signature="setBrowsers(java.lang.String)[pri:0, instance:Voot.smac.pages.test.ChannelsPageTest@6eebc39e]" name="setBrowsers" is-config="true" duration-ms="11965" started-at="2018-03-30T14:49:08Z" finished-at="2018-03-30T14:49:20Z">
          <params>
            <param index="0">
              <value>
                <![CDATA[chrome]]>
              </value>
            </param>
          </params>
          <reporter-output>
          </reporter-output>
        </test-method> <!-- setBrowsers -->
        <test-method status="PASS" signature="Clickonanychannel()[pri:0, instance:Voot.smac.pages.test.ChannelsPageTest@6eebc39e]" name="Clickonanychannel" duration-ms="2370" started-at="2018-03-30T14:49:20Z" description="Verify whether user is able to navigate to Channel details page when clicked on any Channel(Logo) in channel overlay." finished-at="2018-03-30T14:49:22Z">
          <reporter-output>
            <line>
              <![CDATA[user mousehover on 'Channels' in the header menu of  'Homepage']]>
            </line>
          </reporter-output>
        </test-method> <!-- Clickonanychannel -->
        <test-method status="PASS" signature="tearDown(org.testng.ITestResult)[pri:0, instance:Voot.smac.pages.test.ChannelsPageTest@6eebc39e]" name="tearDown" is-config="true" duration-ms="1934" started-at="2018-03-30T14:49:22Z" finished-at="2018-03-30T14:49:24Z">
          <params>
            <param index="0">
              <value>
                <![CDATA[[TestResult name=Clickonanychannel status=SUCCESS method=ChannelsPageTest.Clickonanychannel()[pri:0, instance:Voot.smac.pages.test.ChannelsPageTest@6eebc39e] output=user mousehover on 'Channels' in the header menu of  'Homepage']]]>
              </value>
            </param>
          </params>
          <reporter-output>
          </reporter-output>
        </test-method> <!-- tearDown -->
        <test-method status="PASS" signature="setBrowsers(java.lang.String)[pri:0, instance:Voot.smac.pages.test.ChannelsPageTest@6eebc39e]" name="setBrowsers" is-config="true" duration-ms="9296" started-at="2018-03-30T14:49:24Z" finished-at="2018-03-30T14:49:34Z">
          <params>
            <param index="0">
              <value>
                <![CDATA[chrome]]>
              </value>
            </param>
          </params>
          <reporter-output>
          </reporter-output>
        </test-method> <!-- setBrowsers -->
        <test-method status="PASS" signature="navigateToChannelDetailsPage()[pri:0, instance:Voot.smac.pages.test.ChannelsPageTest@6eebc39e]" name="navigateToChannelDetailsPage" duration-ms="3283" started-at="2018-03-30T14:49:34Z" description="Verify whether user is able to view all details present in Channel details page." finished-at="2018-03-30T14:49:37Z">
          <reporter-output>
            <line>
              <![CDATA[user mousehover on 'Channels' in the header menu of  'Homepage']]>
            </line>
          </reporter-output>
        </test-method> <!-- navigateToChannelDetailsPage -->
        <test-method status="PASS" signature="tearDown(org.testng.ITestResult)[pri:0, instance:Voot.smac.pages.test.ChannelsPageTest@6eebc39e]" name="tearDown" is-config="true" duration-ms="2067" started-at="2018-03-30T14:49:37Z" finished-at="2018-03-30T14:49:39Z">
          <params>
            <param index="0">
              <value>
                <![CDATA[[TestResult name=navigateToChannelDetailsPage status=SUCCESS method=ChannelsPageTest.navigateToChannelDetailsPage()[pri:0, instance:Voot.smac.pages.test.ChannelsPageTest@6eebc39e] output=user mousehover on 'Channels' in the header menu of  'Homepage']]]>
              </value>
            </param>
          </params>
          <reporter-output>
          </reporter-output>
        </test-method> <!-- tearDown -->
        <test-method status="PASS" signature="endReport()[pri:0, instance:Voot.smac.pages.test.ChannelsPageTest@6eebc39e]" name="endReport" is-config="true" duration-ms="78" started-at="2018-03-30T14:49:39Z" finished-at="2018-03-30T14:49:39Z">
          <reporter-output>
          </reporter-output>
        </test-method> <!-- endReport -->
      </class> <!-- Voot.smac.pages.test.ChannelsPageTest -->
    </test> <!-- Verification of Channel page in voot application  -->
    <test name="Verification of movie page in voot application" duration-ms="152949" started-at="2018-03-30T09:19:39Z" finished-at="2018-03-30T09:22:12Z">
      <class name="Voot.smac.pages.test.MoviesPageTest">
        <test-method status="PASS" signature="setExtent()[pri:0, instance:Voot.smac.pages.test.MoviesPageTest@31ef45e3]" name="setExtent" is-config="true" duration-ms="15" started-at="2018-03-30T14:49:39Z" finished-at="2018-03-30T14:49:39Z">
          <reporter-output>
          </reporter-output>
        </test-method> <!-- setExtent -->
        <test-method status="PASS" signature="setBrowsers(java.lang.String)[pri:0, instance:Voot.smac.pages.test.MoviesPageTest@31ef45e3]" name="setBrowsers" is-config="true" duration-ms="12814" started-at="2018-03-30T14:49:39Z" finished-at="2018-03-30T14:49:52Z">
          <params>
            <param index="0">
              <value>
                <![CDATA[chrome]]>
              </value>
            </param>
          </params>
          <reporter-output>
          </reporter-output>
        </test-method> <!-- setBrowsers -->
        <test-method status="PASS" signature="mousehoveronMoviesintheheaderandverify()[pri:0, instance:Voot.smac.pages.test.MoviesPageTest@31ef45e3]" name="mousehoveronMoviesintheheaderandverify" duration-ms="11499" started-at="2018-03-30T14:49:52Z" description="Verify list overlay is displayed when user mousehover on &#039;Movies&#039; in the header menu of  &#039;Homepage&#039;." finished-at="2018-03-30T14:50:03Z">
          <reporter-output>
            <line>
              <![CDATA[user mousehover on movies in the header menu of  'Homepage'.]]>
            </line>
            <line>
              <![CDATA[Overlay list should be displayed and list should contain all the movies]]>
            </line>
          </reporter-output>
        </test-method> <!-- mousehoveronMoviesintheheaderandverify -->
        <test-method status="PASS" signature="tearDown(org.testng.ITestResult)[pri:0, instance:Voot.smac.pages.test.MoviesPageTest@31ef45e3]" name="tearDown" is-config="true" duration-ms="1983" started-at="2018-03-30T14:50:03Z" finished-at="2018-03-30T14:50:05Z">
          <params>
            <param index="0">
              <value>
                <![CDATA[[TestResult name=mousehoveronMoviesintheheaderandverify status=SUCCESS method=MoviesPageTest.mousehoveronMoviesintheheaderandverify()[pri:0, instance:Voot.smac.pages.test.MoviesPageTest@31ef45e3] output=user mousehover on movies in the header menu of  'Homepage'.]]]>
              </value>
            </param>
          </params>
          <reporter-output>
          </reporter-output>
        </test-method> <!-- tearDown -->
        <test-method status="PASS" signature="setBrowsers(java.lang.String)[pri:0, instance:Voot.smac.pages.test.MoviesPageTest@31ef45e3]" name="setBrowsers" is-config="true" duration-ms="9975" started-at="2018-03-30T14:50:05Z" finished-at="2018-03-30T14:50:15Z">
          <params>
            <param index="0">
              <value>
                <![CDATA[chrome]]>
              </value>
            </param>
          </params>
          <reporter-output>
          </reporter-output>
        </test-method> <!-- setBrowsers -->
        <test-method status="PASS" signature="verifyPopularHindiMoviesValue()[pri:0, instance:Voot.smac.pages.test.MoviesPageTest@31ef45e3]" name="verifyPopularHindiMoviesValue" duration-ms="18092" started-at="2018-03-30T14:50:15Z" description="Verify list of Hindi movies is displayed when user mousehover on &#039;Movies&#039; in the header menu of  &#039;Homepage&#039;." finished-at="2018-03-30T14:50:33Z">
          <reporter-output>
            <line>
              <![CDATA[popular hindi movies Menu is displaying inside the movies Section]]>
            </line>
          </reporter-output>
        </test-method> <!-- verifyPopularHindiMoviesValue -->
        <test-method status="PASS" signature="tearDown(org.testng.ITestResult)[pri:0, instance:Voot.smac.pages.test.MoviesPageTest@31ef45e3]" name="tearDown" is-config="true" duration-ms="1984" started-at="2018-03-30T14:50:33Z" finished-at="2018-03-30T14:50:35Z">
          <params>
            <param index="0">
              <value>
                <![CDATA[[TestResult name=verifyPopularHindiMoviesValue status=SUCCESS method=MoviesPageTest.verifyPopularHindiMoviesValue()[pri:0, instance:Voot.smac.pages.test.MoviesPageTest@31ef45e3] output=popular hindi movies Menu is displaying inside the movies Section]]]>
              </value>
            </param>
          </params>
          <reporter-output>
          </reporter-output>
        </test-method> <!-- tearDown -->
        <test-method status="PASS" signature="setBrowsers(java.lang.String)[pri:0, instance:Voot.smac.pages.test.MoviesPageTest@31ef45e3]" name="setBrowsers" is-config="true" duration-ms="11380" started-at="2018-03-30T14:50:35Z" finished-at="2018-03-30T14:50:47Z">
          <params>
            <param index="0">
              <value>
                <![CDATA[chrome]]>
              </value>
            </param>
          </params>
          <reporter-output>
          </reporter-output>
        </test-method> <!-- setBrowsers -->
        <test-method status="PASS" signature="verifyPopularkannadaMoviesValue()[pri:0, instance:Voot.smac.pages.test.MoviesPageTest@31ef45e3]" name="verifyPopularkannadaMoviesValue" duration-ms="17767" started-at="2018-03-30T14:50:47Z" description="Verify list of kannada movies is displayed when user mousehover on &#039;Movies&#039; in the header menu of  &#039;Homepage&#039;." finished-at="2018-03-30T14:51:05Z">
          <reporter-output>
            <line>
              <![CDATA[popular kannada movies Menu is displaying inside the movies Section]]>
            </line>
          </reporter-output>
        </test-method> <!-- verifyPopularkannadaMoviesValue -->
        <test-method status="PASS" signature="tearDown(org.testng.ITestResult)[pri:0, instance:Voot.smac.pages.test.MoviesPageTest@31ef45e3]" name="tearDown" is-config="true" duration-ms="2061" started-at="2018-03-30T14:51:05Z" finished-at="2018-03-30T14:51:07Z">
          <params>
            <param index="0">
              <value>
                <![CDATA[[TestResult name=verifyPopularkannadaMoviesValue status=SUCCESS method=MoviesPageTest.verifyPopularkannadaMoviesValue()[pri:0, instance:Voot.smac.pages.test.MoviesPageTest@31ef45e3] output=popular kannada movies Menu is displaying inside the movies Section]]]>
              </value>
            </param>
          </params>
          <reporter-output>
          </reporter-output>
        </test-method> <!-- tearDown -->
        <test-method status="PASS" signature="setBrowsers(java.lang.String)[pri:0, instance:Voot.smac.pages.test.MoviesPageTest@31ef45e3]" name="setBrowsers" is-config="true" duration-ms="11778" started-at="2018-03-30T14:51:07Z" finished-at="2018-03-30T14:51:18Z">
          <params>
            <param index="0">
              <value>
                <![CDATA[chrome]]>
              </value>
            </param>
          </params>
          <reporter-output>
          </reporter-output>
        </test-method> <!-- setBrowsers -->
        <test-method status="PASS" signature="verifyPopularBangaliMoviesValue()[pri:0, instance:Voot.smac.pages.test.MoviesPageTest@31ef45e3]" name="verifyPopularBangaliMoviesValue" duration-ms="17947" started-at="2018-03-30T14:51:18Z" description="Verify list of Bangali movies is displayed when user mousehover on &#039;Movies&#039; in the header menu of  &#039;Homepage&#039;." finished-at="2018-03-30T14:51:36Z">
          <reporter-output>
            <line>
              <![CDATA[popular Bangali movies Menu is displaying inside the movies Section]]>
            </line>
          </reporter-output>
        </test-method> <!-- verifyPopularBangaliMoviesValue -->
        <test-method status="PASS" signature="tearDown(org.testng.ITestResult)[pri:0, instance:Voot.smac.pages.test.MoviesPageTest@31ef45e3]" name="tearDown" is-config="true" duration-ms="1995" started-at="2018-03-30T14:51:36Z" finished-at="2018-03-30T14:51:38Z">
          <params>
            <param index="0">
              <value>
                <![CDATA[[TestResult name=verifyPopularBangaliMoviesValue status=SUCCESS method=MoviesPageTest.verifyPopularBangaliMoviesValue()[pri:0, instance:Voot.smac.pages.test.MoviesPageTest@31ef45e3] output=popular Bangali movies Menu is displaying inside the movies Section]]]>
              </value>
            </param>
          </params>
          <reporter-output>
          </reporter-output>
        </test-method> <!-- tearDown -->
        <test-method status="PASS" signature="setBrowsers(java.lang.String)[pri:0, instance:Voot.smac.pages.test.MoviesPageTest@31ef45e3]" name="setBrowsers" is-config="true" duration-ms="13541" started-at="2018-03-30T14:51:38Z" finished-at="2018-03-30T14:51:52Z">
          <params>
            <param index="0">
              <value>
                <![CDATA[chrome]]>
              </value>
            </param>
          </params>
          <reporter-output>
          </reporter-output>
        </test-method> <!-- setBrowsers -->
        <test-method status="PASS" signature="verifyPopularKidsMoviesValue()[pri:0, instance:Voot.smac.pages.test.MoviesPageTest@31ef45e3]" name="verifyPopularKidsMoviesValue" duration-ms="17970" started-at="2018-03-30T14:51:52Z" description="Verify list Kids of movies is displayed when user mousehover on &#039;Movies&#039; in the header menu of  &#039;Homepage&#039;." finished-at="2018-03-30T14:52:10Z">
          <reporter-output>
            <line>
              <![CDATA[popular Kids movies Menu is displaying inside the movies Section]]>
            </line>
          </reporter-output>
        </test-method> <!-- verifyPopularKidsMoviesValue -->
        <test-method status="PASS" signature="tearDown(org.testng.ITestResult)[pri:0, instance:Voot.smac.pages.test.MoviesPageTest@31ef45e3]" name="tearDown" is-config="true" duration-ms="2053" started-at="2018-03-30T14:52:10Z" finished-at="2018-03-30T14:52:12Z">
          <params>
            <param index="0">
              <value>
                <![CDATA[[TestResult name=verifyPopularKidsMoviesValue status=SUCCESS method=MoviesPageTest.verifyPopularKidsMoviesValue()[pri:0, instance:Voot.smac.pages.test.MoviesPageTest@31ef45e3] output=popular Kids movies Menu is displaying inside the movies Section]]]>
              </value>
            </param>
          </params>
          <reporter-output>
          </reporter-output>
        </test-method> <!-- tearDown -->
        <test-method status="PASS" signature="endReport()[pri:0, instance:Voot.smac.pages.test.MoviesPageTest@31ef45e3]" name="endReport" is-config="true" duration-ms="95" started-at="2018-03-30T14:52:12Z" finished-at="2018-03-30T14:52:12Z">
          <reporter-output>
          </reporter-output>
        </test-method> <!-- endReport -->
      </class> <!-- Voot.smac.pages.test.MoviesPageTest -->
    </test> <!-- Verification of movie page in voot application -->
    <test name="Verification of Search page in voot application" duration-ms="88162" started-at="2018-03-30T09:22:12Z" finished-at="2018-03-30T09:23:40Z">
      <class name="Voot.smac.pages.test.SearchPageTest">
        <test-method status="PASS" signature="setExtent()[pri:0, instance:Voot.smac.pages.test.SearchPageTest@271053e1]" name="setExtent" is-config="true" duration-ms="47" started-at="2018-03-30T14:52:12Z" finished-at="2018-03-30T14:52:12Z">
          <reporter-output>
          </reporter-output>
        </test-method> <!-- setExtent -->
        <test-method status="PASS" signature="setBrowsers(java.lang.String)[pri:0, instance:Voot.smac.pages.test.SearchPageTest@271053e1]" name="setBrowsers" is-config="true" duration-ms="11606" started-at="2018-03-30T14:52:12Z" finished-at="2018-03-30T14:52:24Z">
          <params>
            <param index="0">
              <value>
                <![CDATA[chrome]]>
              </value>
            </param>
          </params>
          <reporter-output>
          </reporter-output>
        </test-method> <!-- setBrowsers -->
        <test-method status="PASS" signature="verify_Search_Icon_In_HomePage()[pri:0, instance:Voot.smac.pages.test.SearchPageTest@271053e1]" name="verify_Search_Icon_In_HomePage" duration-ms="2383" started-at="2018-03-30T14:52:24Z" description="Verify  Search Icon in Home Page screen" finished-at="2018-03-30T14:52:26Z">
          <reporter-output>
            <line>
              <![CDATA[Search Icon is present in home page]]>
            </line>
          </reporter-output>
        </test-method> <!-- verify_Search_Icon_In_HomePage -->
        <test-method status="PASS" signature="tearDown(org.testng.ITestResult)[pri:0, instance:Voot.smac.pages.test.SearchPageTest@271053e1]" name="tearDown" is-config="true" duration-ms="1988" started-at="2018-03-30T14:52:26Z" finished-at="2018-03-30T14:52:28Z">
          <params>
            <param index="0">
              <value>
                <![CDATA[[TestResult name=verify_Search_Icon_In_HomePage status=SUCCESS method=SearchPageTest.verify_Search_Icon_In_HomePage()[pri:0, instance:Voot.smac.pages.test.SearchPageTest@271053e1] output=Search Icon is present in home page]]]>
              </value>
            </param>
          </params>
          <reporter-output>
          </reporter-output>
        </test-method> <!-- tearDown -->
        <test-method status="PASS" signature="setBrowsers(java.lang.String)[pri:0, instance:Voot.smac.pages.test.SearchPageTest@271053e1]" name="setBrowsers" is-config="true" duration-ms="10175" started-at="2018-03-30T14:52:28Z" finished-at="2018-03-30T14:52:38Z">
          <params>
            <param index="0">
              <value>
                <![CDATA[chrome]]>
              </value>
            </param>
          </params>
          <reporter-output>
          </reporter-output>
        </test-method> <!-- setBrowsers -->
        <test-method status="PASS" signature="verify_Search_Icon_In_SearchPage()[pri:0, instance:Voot.smac.pages.test.SearchPageTest@271053e1]" name="verify_Search_Icon_In_SearchPage" duration-ms="3128" started-at="2018-03-30T14:52:38Z" description="Verify  Search Icon in search Page screen" finished-at="2018-03-30T14:52:41Z">
          <reporter-output>
            <line>
              <![CDATA[Search icon is present in Search page]]>
            </line>
          </reporter-output>
        </test-method> <!-- verify_Search_Icon_In_SearchPage -->
        <test-method status="PASS" signature="tearDown(org.testng.ITestResult)[pri:0, instance:Voot.smac.pages.test.SearchPageTest@271053e1]" name="tearDown" is-config="true" duration-ms="2144" started-at="2018-03-30T14:52:41Z" finished-at="2018-03-30T14:52:43Z">
          <params>
            <param index="0">
              <value>
                <![CDATA[[TestResult name=verify_Search_Icon_In_SearchPage status=SUCCESS method=SearchPageTest.verify_Search_Icon_In_SearchPage()[pri:0, instance:Voot.smac.pages.test.SearchPageTest@271053e1] output=Search icon is present in Search page]]]>
              </value>
            </param>
          </params>
          <reporter-output>
          </reporter-output>
        </test-method> <!-- tearDown -->
        <test-method status="PASS" signature="setBrowsers(java.lang.String)[pri:0, instance:Voot.smac.pages.test.SearchPageTest@271053e1]" name="setBrowsers" is-config="true" duration-ms="12449" started-at="2018-03-30T14:52:43Z" finished-at="2018-03-30T14:52:56Z">
          <params>
            <param index="0">
              <value>
                <![CDATA[chrome]]>
              </value>
            </param>
          </params>
          <reporter-output>
          </reporter-output>
        </test-method> <!-- setBrowsers -->
        <test-method status="PASS" signature="verify_Close_Icon_In_SearchPage()[pri:0, instance:Voot.smac.pages.test.SearchPageTest@271053e1]" name="verify_Close_Icon_In_SearchPage" duration-ms="2441" started-at="2018-03-30T14:52:56Z" description="Verify  Close Icon in search Page screen" finished-at="2018-03-30T14:52:58Z">
          <reporter-output>
          </reporter-output>
        </test-method> <!-- verify_Close_Icon_In_SearchPage -->
        <test-method status="PASS" signature="tearDown(org.testng.ITestResult)[pri:0, instance:Voot.smac.pages.test.SearchPageTest@271053e1]" name="tearDown" is-config="true" duration-ms="2035" started-at="2018-03-30T14:52:58Z" finished-at="2018-03-30T14:53:00Z">
          <params>
            <param index="0">
              <value>
                <![CDATA[[TestResult name=verify_Close_Icon_In_SearchPage status=SUCCESS method=SearchPageTest.verify_Close_Icon_In_SearchPage()[pri:0, instance:Voot.smac.pages.test.SearchPageTest@271053e1] output={null}]]]>
              </value>
            </param>
          </params>
          <reporter-output>
          </reporter-output>
        </test-method> <!-- tearDown -->
        <test-method status="PASS" signature="setBrowsers(java.lang.String)[pri:0, instance:Voot.smac.pages.test.SearchPageTest@271053e1]" name="setBrowsers" is-config="true" duration-ms="9412" started-at="2018-03-30T14:53:00Z" finished-at="2018-03-30T14:53:10Z">
          <params>
            <param index="0">
              <value>
                <![CDATA[chrome]]>
              </value>
            </param>
          </params>
          <reporter-output>
          </reporter-output>
        </test-method> <!-- setBrowsers -->
        <test-method status="PASS" signature="verify_Search_Text_Box_In_SearchPage()[pri:0, instance:Voot.smac.pages.test.SearchPageTest@271053e1]" name="verify_Search_Text_Box_In_SearchPage" duration-ms="772" started-at="2018-03-30T14:53:10Z" description="Verify  Search Text box  in search Page screen" finished-at="2018-03-30T14:53:11Z">
          <reporter-output>
          </reporter-output>
        </test-method> <!-- verify_Search_Text_Box_In_SearchPage -->
        <test-method status="PASS" signature="tearDown(org.testng.ITestResult)[pri:0, instance:Voot.smac.pages.test.SearchPageTest@271053e1]" name="tearDown" is-config="true" duration-ms="2090" started-at="2018-03-30T14:53:11Z" finished-at="2018-03-30T14:53:13Z">
          <params>
            <param index="0">
              <value>
                <![CDATA[[TestResult name=verify_Search_Text_Box_In_SearchPage status=SUCCESS method=SearchPageTest.verify_Search_Text_Box_In_SearchPage()[pri:0, instance:Voot.smac.pages.test.SearchPageTest@271053e1] output={null}]]]>
              </value>
            </param>
          </params>
          <reporter-output>
          </reporter-output>
        </test-method> <!-- tearDown -->
        <test-method status="PASS" signature="setBrowsers(java.lang.String)[pri:0, instance:Voot.smac.pages.test.SearchPageTest@271053e1]" name="setBrowsers" is-config="true" duration-ms="10293" started-at="2018-03-30T14:53:13Z" finished-at="2018-03-30T14:53:23Z">
          <params>
            <param index="0">
              <value>
                <![CDATA[chrome]]>
              </value>
            </param>
          </params>
          <reporter-output>
          </reporter-output>
        </test-method> <!-- setBrowsers -->
        <test-method status="PASS" signature="enter_Some_Value_inSide_the_Text_Box_In_SearchPage()[pri:0, instance:Voot.smac.pages.test.SearchPageTest@271053e1]" name="enter_Some_Value_inSide_the_Text_Box_In_SearchPage" duration-ms="15077" started-at="2018-03-30T14:53:23Z" description="Verify  user is able to enter the Serch value in Serch text box in  search Page screen,erify  Search Result after entering  the Searchh value in  Serch text box in search Page screen" finished-at="2018-03-30T14:53:38Z">
          <reporter-output>
            <line>
              <![CDATA[Search Text box is present in Search page]]>
            </line>
          </reporter-output>
        </test-method> <!-- enter_Some_Value_inSide_the_Text_Box_In_SearchPage -->
        <test-method status="PASS" signature="tearDown(org.testng.ITestResult)[pri:0, instance:Voot.smac.pages.test.SearchPageTest@271053e1]" name="tearDown" is-config="true" duration-ms="2012" started-at="2018-03-30T14:53:38Z" finished-at="2018-03-30T14:53:40Z">
          <params>
            <param index="0">
              <value>
                <![CDATA[[TestResult name=enter_Some_Value_inSide_the_Text_Box_In_SearchPage status=SUCCESS method=SearchPageTest.enter_Some_Value_inSide_the_Text_Box_In_SearchPage()[pri:0, instance:Voot.smac.pages.test.SearchPageTest@271053e1] output=Search Text box is present in Search page]]]>
              </value>
            </param>
          </params>
          <reporter-output>
          </reporter-output>
        </test-method> <!-- tearDown -->
        <test-method status="PASS" signature="endReport()[pri:0, instance:Voot.smac.pages.test.SearchPageTest@271053e1]" name="endReport" is-config="true" duration-ms="110" started-at="2018-03-30T14:53:40Z" finished-at="2018-03-30T14:53:40Z">
          <reporter-output>
          </reporter-output>
        </test-method> <!-- endReport -->
      </class> <!-- Voot.smac.pages.test.SearchPageTest -->
    </test> <!-- Verification of Search page in voot application -->
  </suite> <!-- Parallel test suite -->
</testng-results>
