<?xml version="1.0" encoding="UTF-8"?>
<testsuite name="TestSuite" time="1.485" tests="37" errors="0" skipped="36" failures="1">
  <properties>
[...]
</properties>
  <testcase name="setBrowsers" classname="Voot.smac.pages.test.HomePageTest" time="1.485">
    <failure message="The driver executable is a directory: E:\chromeDriver\geckodriver-v0.15.0-win64" type="java.lang.IllegalStateException"><![CDATA[java.lang.IllegalStateException: The driver executable is a directory: E:\chromeDriver\geckodriver-v0.15.0-win64
	at com.google.common.base.Preconditions.checkState(Preconditions.java:534)
	at org.openqa.selenium.remote.service.DriverService.checkExecutable(DriverService.java:138)
	at org.openqa.selenium.remote.service.DriverService.findExecutable(DriverService.java:131)
	at org.openqa.selenium.firefox.GeckoDriverService.access$100(GeckoDriverService.java:41)
	at org.openqa.selenium.firefox.GeckoDriverService$Builder.findDefaultExecutable(GeckoDriverService.java:115)
	at org.openqa.selenium.remote.service.DriverService$Builder.build(DriverService.java:329)
	at org.openqa.selenium.firefox.FirefoxDriver.toExecutor(FirefoxDriver.java:207)
	at org.openqa.selenium.firefox.FirefoxDriver.<init>(FirefoxDriver.java:103)
	at org.openqa.selenium.firefox.FirefoxDriver.<init>(FirefoxDriver.java:99)
	at Voot.smac.pages.test.BaseClass.setBrowsers(BaseClass.java:66)
	at sun.reflect.NativeMethodAccessorImpl.invoke0(Native Method)
	at sun.reflect.NativeMethodAccessorImpl.invoke(NativeMethodAccessorImpl.java:62)
	at sun.reflect.DelegatingMethodAccessorImpl.invoke(DelegatingMethodAccessorImpl.java:43)
	at java.lang.reflect.Method.invoke(Method.java:497)
	at org.testng.internal.MethodInvocationHelper.invokeMethod(MethodInvocationHelper.java:80)
	at org.testng.internal.Invoker.invokeConfigurationMethod(Invoker.java:564)
	at org.testng.internal.Invoker.invokeConfigurations(Invoker.java:213)
	at org.testng.internal.Invoker.invokeMethod(Invoker.java:653)
	at org.testng.internal.Invoker.invokeTestMethod(Invoker.java:901)
	at org.testng.internal.Invoker.invokeTestMethods(Invoker.java:1231)
	at org.testng.internal.TestMethodWorker.invokeTestMethods(TestMethodWorker.java:127)
	at org.testng.internal.TestMethodWorker.run(TestMethodWorker.java:111)
	at org.testng.TestRunner.privateRun(TestRunner.java:767)
	at org.testng.TestRunner.run(TestRunner.java:617)
	at org.testng.SuiteRunner.runTest(SuiteRunner.java:334)
	at org.testng.SuiteRunner.runSequentially(SuiteRunner.java:329)
	at org.testng.SuiteRunner.privateRun(SuiteRunner.java:291)
	at org.testng.SuiteRunner.run(SuiteRunner.java:240)
	at org.testng.SuiteRunnerWorker.runSuite(SuiteRunnerWorker.java:52)
	at org.testng.SuiteRunnerWorker.run(SuiteRunnerWorker.java:86)
	at org.testng.TestNG.runSuitesSequentially(TestNG.java:1198)
	at org.testng.TestNG.runSuitesLocally(TestNG.java:1123)
	at org.testng.TestNG.run(TestNG.java:1031)
	at org.apache.maven.surefire.testng.TestNGExecutor.run(TestNGExecutor.java:295)
	at org.apache.maven.surefire.testng.TestNGXmlTestSuite.execute(TestNGXmlTestSuite.java:84)
	at org.apache.maven.surefire.testng.TestNGProvider.invoke(TestNGProvider.java:90)
	at org.apache.maven.surefire.booter.ForkedBooter.invokeProviderInSameClassLoader(ForkedBooter.java:203)
	at org.apache.maven.surefire.booter.ForkedBooter.runSuitesInProcess(ForkedBooter.java:155)
	at org.apache.maven.surefire.booter.ForkedBooter.main(ForkedBooter.java:103)
]]></failure>
  </testcase>
  <testcase name="setBrowsers" classname="Voot.smac.pages.test.HomePageTest" time="0">
    <skipped/>
  </testcase>
  <testcase name="setBrowsers" classname="Voot.smac.pages.test.HomePageTest" time="0">
    <skipped/>
  </testcase>
  <testcase name="setBrowsers" classname="Voot.smac.pages.test.HomePageTest" time="0">
    <skipped/>
  </testcase>
  <testcase name="setBrowsers" classname="Voot.smac.pages.test.HomePageTest" time="0">
    <skipped/>
  </testcase>
  <testcase name="setBrowsers" classname="Voot.smac.pages.test.HomePageTest" time="0">
    <skipped/>
  </testcase>
  <testcase name="setBrowsers" classname="Voot.smac.pages.test.HomePageTest" time="0">
    <skipped/>
  </testcase>
  <testcase name="setBrowsers" classname="Voot.smac.pages.test.HomePageTest" time="0">
    <skipped/>
  </testcase>
  <testcase name="setBrowsers" classname="Voot.smac.pages.test.HomePageTest" time="0">
    <skipped/>
  </testcase>
  <testcase name="setBrowsers" classname="Voot.smac.pages.test.HomePageTest" time="0">
    <skipped/>
  </testcase>
  <testcase name="setBrowsers" classname="Voot.smac.pages.test.HomePageTest" time="0">
    <skipped/>
  </testcase>
  <testcase name="setBrowsers" classname="Voot.smac.pages.test.HomePageTest" time="0">
    <skipped/>
  </testcase>
  <testcase name="verifyVootLogoinHomePage" classname="Voot.smac.pages.test.HomePageTest" time="0">
    <skipped/>
  </testcase>
  <testcase name="tearDown" classname="Voot.smac.pages.test.HomePageTest" time="0">
    <skipped/>
  </testcase>
  <testcase name="tearDown" classname="Voot.smac.pages.test.HomePageTest" time="0">
    <skipped/>
  </testcase>
  <testcase name="tearDown" classname="Voot.smac.pages.test.HomePageTest" time="0">
    <skipped/>
  </testcase>
  <testcase name="tearDown" classname="Voot.smac.pages.test.HomePageTest" time="0">
    <skipped/>
  </testcase>
  <testcase name="tearDown" classname="Voot.smac.pages.test.HomePageTest" time="0">
    <skipped/>
  </testcase>
  <testcase name="tearDown" classname="Voot.smac.pages.test.HomePageTest" time="0">
    <skipped/>
  </testcase>
  <testcase name="tearDown" classname="Voot.smac.pages.test.HomePageTest" time="0">
    <skipped/>
  </testcase>
  <testcase name="tearDown" classname="Voot.smac.pages.test.HomePageTest" time="0">
    <skipped/>
  </testcase>
  <testcase name="tearDown" classname="Voot.smac.pages.test.HomePageTest" time="0">
    <skipped/>
  </testcase>
  <testcase name="tearDown" classname="Voot.smac.pages.test.HomePageTest" time="0">
    <skipped/>
  </testcase>
  <testcase name="tearDown" classname="Voot.smac.pages.test.HomePageTest" time="0">
    <skipped/>
  </testcase>
  <testcase name="tearDown" classname="Voot.smac.pages.test.HomePageTest" time="0">
    <skipped/>
  </testcase>
  <testcase name="verifynewshowLinkinHomePage" classname="Voot.smac.pages.test.HomePageTest" time="0">
    <skipped/>
  </testcase>
  <testcase name="verifyshowsmenuinHomepage" classname="Voot.smac.pages.test.HomePageTest" time="0">
    <skipped/>
  </testcase>
  <testcase name="verifykidsmenuinHomepage" classname="Voot.smac.pages.test.HomePageTest" time="0">
    <skipped/>
  </testcase>
  <testcase name="verifyChannelsmenuinHomepage" classname="Voot.smac.pages.test.HomePageTest" time="0">
    <skipped/>
  </testcase>
  <testcase name="verifyMoviesmenuinHomepage" classname="Voot.smac.pages.test.HomePageTest" time="0">
    <skipped/>
  </testcase>
  <testcase name="verifySearchinHomepage" classname="Voot.smac.pages.test.HomePageTest" time="0">
    <skipped/>
  </testcase>
  <testcase name="verifyuserloginiconinHomepage" classname="Voot.smac.pages.test.HomePageTest" time="0">
    <skipped/>
  </testcase>
  <testcase name="clickOnTheNextButtonOnCoursoual" classname="Voot.smac.pages.test.HomePageTest" time="0">
    <skipped/>
  </testcase>
  <testcase name="verifyAddBannerSectionl" classname="Voot.smac.pages.test.HomePageTest" time="0">
    <skipped/>
  </testcase>
  <testcase name="clickOnThePreviousButtonOnCoursoual" classname="Voot.smac.pages.test.HomePageTest" time="0">
    <skipped/>
  </testcase>
  <testcase name="verifyDescriptionTextValueOFMasterCarousal" classname="Voot.smac.pages.test.HomePageTest" time="0">
    <skipped/>
  </testcase>
  <testcase name="endReport" classname="Voot.smac.pages.test.HomePageTest" time="0">
    <skipped/>
  </testcase>
</testsuite>