<?xml version="1.0" encoding="UTF-8"?>
<!-- Generated by org.testng.reporters.JUnitXMLReporter -->
<testsuite hostname="vdc01dllap0284" name="Verification of Home page of voot application in chrome /firefox   browser" tests="2" failures="0" timestamp="4 Apr 2018 10:17:30 GMT" time="138.646" errors="0">
  <testcase name="verifyVootLogoinHomePage" time="1.738" classname="Voot.smac.pages.test.HomePageTest"/>
  <testcase name="verifyAddBannerSectionl" time="111.854" classname="Voot.smac.pages.test.HomePageTest"/>
</testsuite> <!-- Verification of Home page of voot application in chrome /firefox   browser -->
