<?xml version="1.0" encoding="UTF-8"?>
<!-- Generated by org.testng.reporters.JUnitXMLReporter -->
<testsuite hostname="vdc01dllap0284" name="Verification off Search page of voot application in chrome browser" tests="5" failures="0" timestamp="20 Mar 2018 17:36:06 GMT" time="15.628" errors="0">
  <testcase name="@AfterMethod tearDown" time="0.0" classname="Voot.smac.pages.test.SearchPageTest">
    <failure type="java.lang.NullPointerException">
      <![CDATA[java.lang.NullPointerException
	at Voot.smac.pages.test.BaseClass.tearDown(BaseClass.java:122)
	at org.apache.maven.surefire.testng.TestNGExecutor.run(TestNGExecutor.java:295)
	at org.apache.maven.surefire.testng.TestNGXmlTestSuite.execute(TestNGXmlTestSuite.java:84)
	at org.apache.maven.surefire.testng.TestNGProvider.invoke(TestNGProvider.java:90)
	at org.apache.maven.surefire.booter.ForkedBooter.invokeProviderInSameClassLoader(ForkedBooter.java:203)
	at org.apache.maven.surefire.booter.ForkedBooter.runSuitesInProcess(ForkedBooter.java:155)
	at org.apache.maven.surefire.booter.ForkedBooter.main(ForkedBooter.java:103)
... Removed 22 stack frames]]>
    </failure>
  </testcase> <!-- @AfterMethod tearDown -->
  <testcase name="@BeforeMethod setBrowsers" time="0.0" classname="Voot.smac.pages.test.SearchPageTest">
    <skipped/>
  </testcase> <!-- @BeforeMethod setBrowsers -->
  <testcase name="@AfterMethod tearDown" time="0.0" classname="Voot.smac.pages.test.SearchPageTest">
    <skipped/>
  </testcase> <!-- @AfterMethod tearDown -->
  <testcase name="@BeforeMethod setBrowsers" time="0.0" classname="Voot.smac.pages.test.SearchPageTest">
    <skipped/>
  </testcase> <!-- @BeforeMethod setBrowsers -->
  <testcase name="@AfterMethod tearDown" time="0.0" classname="Voot.smac.pages.test.SearchPageTest">
    <skipped/>
  </testcase> <!-- @AfterMethod tearDown -->
  <testcase name="@BeforeMethod setBrowsers" time="0.0" classname="Voot.smac.pages.test.SearchPageTest">
    <skipped/>
  </testcase> <!-- @BeforeMethod setBrowsers -->
  <testcase name="@AfterMethod tearDown" time="0.0" classname="Voot.smac.pages.test.SearchPageTest">
    <skipped/>
  </testcase> <!-- @AfterMethod tearDown -->
  <testcase name="@BeforeMethod setBrowsers" time="0.0" classname="Voot.smac.pages.test.SearchPageTest">
    <skipped/>
  </testcase> <!-- @BeforeMethod setBrowsers -->
  <testcase name="@AfterMethod tearDown" time="0.0" classname="Voot.smac.pages.test.SearchPageTest">
    <skipped/>
  </testcase> <!-- @AfterMethod tearDown -->
  <testcase name="@AfterTest endReport" time="0.0" classname="Voot.smac.pages.test.SearchPageTest">
    <skipped/>
  </testcase> <!-- @AfterTest endReport -->
  <testcase name="verify_Search_Icon_In_HomePage" time="2.254" classname="Voot.smac.pages.test.SearchPageTest"/>
  <testcase name="verify_Search_Icon_In_SearchPage" time="0.0" classname="Voot.smac.pages.test.SearchPageTest">
    <skipped/>
  </testcase> <!-- verify_Search_Icon_In_SearchPage -->
  <testcase name="verify_Close_Icon_In_SearchPage" time="0.0" classname="Voot.smac.pages.test.SearchPageTest">
    <skipped/>
  </testcase> <!-- verify_Close_Icon_In_SearchPage -->
  <testcase name="verify_Search_Text_Box_In_SearchPage" time="0.0" classname="Voot.smac.pages.test.SearchPageTest">
    <skipped/>
  </testcase> <!-- verify_Search_Text_Box_In_SearchPage -->
  <testcase name="enter_Some_Value_inSide_the_Text_Box_In_SearchPage" time="0.003" classname="Voot.smac.pages.test.SearchPageTest">
    <skipped/>
  </testcase> <!-- enter_Some_Value_inSide_the_Text_Box_In_SearchPage -->
</testsuite> <!-- Verification off Search page of voot application in chrome browser -->
