<?xml version="1.0" encoding="UTF-8"?>
<!-- Generated by org.testng.reporters.JUnitXMLReporter -->
<testsuite hostname="vdc01dllap0284" name="Verification of Channel page of voot application in chrome browser" tests="4" failures="0" timestamp="20 Mar 2018 17:35:21 GMT" time="12.759" errors="0">
  <testcase name="@AfterMethod tearDown" time="0.0" classname="Voot.smac.pages.test.ChannelsPageTest">
    <failure type="java.lang.NullPointerException">
      <![CDATA[java.lang.NullPointerException
	at Voot.smac.pages.test.BaseClass.tearDown(BaseClass.java:122)
	at org.apache.maven.surefire.testng.TestNGExecutor.run(TestNGExecutor.java:295)
	at org.apache.maven.surefire.testng.TestNGXmlTestSuite.execute(TestNGXmlTestSuite.java:84)
	at org.apache.maven.surefire.testng.TestNGProvider.invoke(TestNGProvider.java:90)
	at org.apache.maven.surefire.booter.ForkedBooter.invokeProviderInSameClassLoader(ForkedBooter.java:203)
	at org.apache.maven.surefire.booter.ForkedBooter.runSuitesInProcess(ForkedBooter.java:155)
	at org.apache.maven.surefire.booter.ForkedBooter.main(ForkedBooter.java:103)
... Removed 23 stack frames]]>
    </failure>
  </testcase> <!-- @AfterMethod tearDown -->
  <testcase name="@BeforeMethod setBrowsers" time="0.0" classname="Voot.smac.pages.test.ChannelsPageTest">
    <skipped/>
  </testcase> <!-- @BeforeMethod setBrowsers -->
  <testcase name="@AfterMethod tearDown" time="0.0" classname="Voot.smac.pages.test.ChannelsPageTest">
    <skipped/>
  </testcase> <!-- @AfterMethod tearDown -->
  <testcase name="@BeforeMethod setBrowsers" time="0.0" classname="Voot.smac.pages.test.ChannelsPageTest">
    <skipped/>
  </testcase> <!-- @BeforeMethod setBrowsers -->
  <testcase name="@AfterMethod tearDown" time="0.0" classname="Voot.smac.pages.test.ChannelsPageTest">
    <skipped/>
  </testcase> <!-- @AfterMethod tearDown -->
  <testcase name="@BeforeMethod setBrowsers" time="0.0" classname="Voot.smac.pages.test.ChannelsPageTest">
    <skipped/>
  </testcase> <!-- @BeforeMethod setBrowsers -->
  <testcase name="@AfterMethod tearDown" time="0.0" classname="Voot.smac.pages.test.ChannelsPageTest">
    <skipped/>
  </testcase> <!-- @AfterMethod tearDown -->
  <testcase name="@AfterTest endReport" time="0.0" classname="Voot.smac.pages.test.ChannelsPageTest">
    <skipped/>
  </testcase> <!-- @AfterTest endReport -->
  <testcase name="mousehover_ChannelsInHeaderMenuOfHomepage" time="0.376" classname="Voot.smac.pages.test.ChannelsPageTest"/>
  <testcase name="OverlaywithListofchannels" time="0.0" classname="Voot.smac.pages.test.ChannelsPageTest">
    <skipped/>
  </testcase> <!-- OverlaywithListofchannels -->
  <testcase name="Clickonanychannel" time="0.0" classname="Voot.smac.pages.test.ChannelsPageTest">
    <skipped/>
  </testcase> <!-- Clickonanychannel -->
  <testcase name="navigateToChannelDetailsPage" time="0.0" classname="Voot.smac.pages.test.ChannelsPageTest">
    <skipped/>
  </testcase> <!-- navigateToChannelDetailsPage -->
</testsuite> <!-- Verification of Channel page of voot application in chrome browser -->
