<?xml version="1.0" encoding="UTF-8"?>
<!-- Generated by org.testng.reporters.JUnitXMLReporter -->
<testsuite hostname="vdc01dllap0284" name="Verification of Search page in voot application" tests="5" failures="0" timestamp="30 Mar 2018 09:23:40 GMT" time="88.162" errors="0">
  <testcase name="verify_Search_Icon_In_HomePage" time="2.383" classname="Voot.smac.pages.test.SearchPageTest"/>
  <testcase name="verify_Search_Icon_In_SearchPage" time="3.128" classname="Voot.smac.pages.test.SearchPageTest"/>
  <testcase name="verify_Close_Icon_In_SearchPage" time="2.441" classname="Voot.smac.pages.test.SearchPageTest"/>
  <testcase name="verify_Search_Text_Box_In_SearchPage" time="0.772" classname="Voot.smac.pages.test.SearchPageTest"/>
  <testcase name="enter_Some_Value_inSide_the_Text_Box_In_SearchPage" time="15.077" classname="Voot.smac.pages.test.SearchPageTest"/>
</testsuite> <!-- Verification of Search page in voot application -->
