<?xml version="1.0" encoding="UTF-8"?>
<!-- Generated by org.testng.reporters.JUnitXMLReporter -->
<testsuite hostname="vdc01dllap0284" name="Verification of Channel page in voot application " tests="4" failures="0" timestamp="30 Mar 2018 09:19:39 GMT" time="72.77" errors="0">
  <testcase name="mousehover_ChannelsInHeaderMenuOfHomepage" time="0.582" classname="Voot.smac.pages.test.ChannelsPageTest"/>
  <testcase name="OverlaywithListofchannels" time="14.306" classname="Voot.smac.pages.test.ChannelsPageTest"/>
  <testcase name="Clickonanychannel" time="2.37" classname="Voot.smac.pages.test.ChannelsPageTest"/>
  <testcase name="navigateToChannelDetailsPage" time="3.283" classname="Voot.smac.pages.test.ChannelsPageTest"/>
</testsuite> <!-- Verification of Channel page in voot application  -->
