<?xml version="1.0" encoding="UTF-8"?>
<!-- Generated by org.testng.reporters.JUnitXMLReporter -->
<testsuite hostname="vdc01dllap0284" name="Verification of movie page of voot application in chrome browser" tests="5" failures="0" timestamp="20 Mar 2018 17:35:50 GMT" time="29.144" errors="0">
  <testcase name="@AfterMethod tearDown" time="0.0" classname="Voot.smac.pages.test.MoviesPageTest">
    <failure type="java.lang.NullPointerException">
      <![CDATA[java.lang.NullPointerException
	at Voot.smac.pages.test.BaseClass.tearDown(BaseClass.java:122)
	at org.apache.maven.surefire.testng.TestNGExecutor.run(TestNGExecutor.java:295)
	at org.apache.maven.surefire.testng.TestNGXmlTestSuite.execute(TestNGXmlTestSuite.java:84)
	at org.apache.maven.surefire.testng.TestNGProvider.invoke(TestNGProvider.java:90)
	at org.apache.maven.surefire.booter.ForkedBooter.invokeProviderInSameClassLoader(ForkedBooter.java:203)
	at org.apache.maven.surefire.booter.ForkedBooter.runSuitesInProcess(ForkedBooter.java:155)
	at org.apache.maven.surefire.booter.ForkedBooter.main(ForkedBooter.java:103)
... Removed 22 stack frames]]>
    </failure>
  </testcase> <!-- @AfterMethod tearDown -->
  <testcase name="@BeforeMethod setBrowsers" time="0.0" classname="Voot.smac.pages.test.MoviesPageTest">
    <skipped/>
  </testcase> <!-- @BeforeMethod setBrowsers -->
  <testcase name="@AfterMethod tearDown" time="0.0" classname="Voot.smac.pages.test.MoviesPageTest">
    <skipped/>
  </testcase> <!-- @AfterMethod tearDown -->
  <testcase name="@BeforeMethod setBrowsers" time="0.0" classname="Voot.smac.pages.test.MoviesPageTest">
    <skipped/>
  </testcase> <!-- @BeforeMethod setBrowsers -->
  <testcase name="@AfterMethod tearDown" time="0.0" classname="Voot.smac.pages.test.MoviesPageTest">
    <skipped/>
  </testcase> <!-- @AfterMethod tearDown -->
  <testcase name="@BeforeMethod setBrowsers" time="0.0" classname="Voot.smac.pages.test.MoviesPageTest">
    <skipped/>
  </testcase> <!-- @BeforeMethod setBrowsers -->
  <testcase name="@AfterMethod tearDown" time="0.0" classname="Voot.smac.pages.test.MoviesPageTest">
    <skipped/>
  </testcase> <!-- @AfterMethod tearDown -->
  <testcase name="@BeforeMethod setBrowsers" time="0.0" classname="Voot.smac.pages.test.MoviesPageTest">
    <skipped/>
  </testcase> <!-- @BeforeMethod setBrowsers -->
  <testcase name="@AfterMethod tearDown" time="0.0" classname="Voot.smac.pages.test.MoviesPageTest">
    <skipped/>
  </testcase> <!-- @AfterMethod tearDown -->
  <testcase name="@AfterTest endReport" time="0.0" classname="Voot.smac.pages.test.MoviesPageTest">
    <skipped/>
  </testcase> <!-- @AfterTest endReport -->
  <testcase name="mousehoveronMoviesintheheaderandverify" time="11.336" classname="Voot.smac.pages.test.MoviesPageTest"/>
  <testcase name="verifyPopularHindiMoviesValue" time="0.0" classname="Voot.smac.pages.test.MoviesPageTest">
    <skipped/>
  </testcase> <!-- verifyPopularHindiMoviesValue -->
  <testcase name="verifyPopularkannadaMoviesValue" time="0.0" classname="Voot.smac.pages.test.MoviesPageTest">
    <skipped/>
  </testcase> <!-- verifyPopularkannadaMoviesValue -->
  <testcase name="verifyPopularBangaliMoviesValue" time="0.0" classname="Voot.smac.pages.test.MoviesPageTest">
    <skipped/>
  </testcase> <!-- verifyPopularBangaliMoviesValue -->
  <testcase name="verifyPopularKidsMoviesValue" time="0.0" classname="Voot.smac.pages.test.MoviesPageTest">
    <skipped/>
  </testcase> <!-- verifyPopularKidsMoviesValue -->
</testsuite> <!-- Verification of movie page of voot application in chrome browser -->
