<?xml version="1.0" encoding="UTF-8"?>
<!-- Generated by org.testng.reporters.JUnitXMLReporter -->
<testsuite hostname="vdc01dllap0284" name="Verification of Show page of voot application in chrome browser" tests="2" failures="0" timestamp="25 Mar 2018 11:33:56 GMT" time="49.276" errors="0">
  <testcase name="clickedshowlink" time="4.934" classname="Voot.smac.pages.test.ShowPagesTest"/>
  <testcase name="clickedkidslink" time="7.682" classname="Voot.smac.pages.test.ShowPagesTest"/>
</testsuite> <!-- Verification of Show page of voot application in chrome browser -->
