<?xml version="1.0" encoding="UTF-8"?>
<!-- Generated by org.testng.reporters.JUnitXMLReporter -->
<testsuite hostname="vdc01dllap0284" name="Verification of Show page of voot application in chrome browser" tests="2" failures="0" timestamp="20 Mar 2018 17:34:29 GMT" time="51.391" errors="0">
  <testcase name="clickedshowlink" time="7.405" classname="Voot.smac.pages.test.ShowPagesTest"/>
  <testcase name="clickedkidslink" time="7.635" classname="Voot.smac.pages.test.ShowPagesTest"/>
</testsuite> <!-- Verification of Show page of voot application in chrome browser -->
