<?xml version="1.0" encoding="UTF-8"?>
<!-- Generated by org.testng.reporters.JUnitXMLReporter -->
<testsuite hostname="vdc01dllap0284" name="Verification of movie page in voot application" tests="5" failures="0" timestamp="30 Mar 2018 09:22:12 GMT" time="152.949" errors="0">
  <testcase name="mousehoveronMoviesintheheaderandverify" time="11.499" classname="Voot.smac.pages.test.MoviesPageTest"/>
  <testcase name="verifyPopularHindiMoviesValue" time="18.092" classname="Voot.smac.pages.test.MoviesPageTest"/>
  <testcase name="verifyPopularkannadaMoviesValue" time="17.767" classname="Voot.smac.pages.test.MoviesPageTest"/>
  <testcase name="verifyPopularBangaliMoviesValue" time="17.947" classname="Voot.smac.pages.test.MoviesPageTest"/>
  <testcase name="verifyPopularKidsMoviesValue" time="17.97" classname="Voot.smac.pages.test.MoviesPageTest"/>
</testsuite> <!-- Verification of movie page in voot application -->
