<?xml version="1.0" encoding="UTF-8"?>
<testsuite name="Verification of Channel page of voot application in chrome browser"
           tests="4"
           failures="0"
           errors="0"
           skipped="0"
           time="29.483">
  <properties />
  
  
            <testcase name="Clickonanychannel" time="6.184" classname="Voot.smac.pages.test.ChannelsPageTest" />
                <testcase name="OverlaywithListofchannels" time="17.159" classname="Voot.smac.pages.test.ChannelsPageTest" />
                <testcase name="navigateToChannelDetailsPage" time="4.191" classname="Voot.smac.pages.test.ChannelsPageTest" />
                <testcase name="mousehover_ChannelsInHeaderMenuOfHomepage" time="1.949" classname="Voot.smac.pages.test.ChannelsPageTest" />
      
</testsuite>
