<?xml version="1.0" encoding="UTF-8"?>
<testsuite name="Verification of movie page of voot application in chrome browser"
           tests="5"
           failures="0"
           errors="0"
           skipped="0"
           time="80.767">
  <properties />
  
  
            <testcase name="mousehoveronMoviesintheheaderandverify" time="11.419" classname="Voot.smac.pages.test.MoviesPageTest" />
                <testcase name="verifyPopularHindiMoviesValue" time="17.329" classname="Voot.smac.pages.test.MoviesPageTest" />
                <testcase name="verifyPopularkannadaMoviesValue" time="17.392" classname="Voot.smac.pages.test.MoviesPageTest" />
                <testcase name="verifyPopularBangaliMoviesValue" time="17.330" classname="Voot.smac.pages.test.MoviesPageTest" />
                <testcase name="verifyPopularKidsMoviesValue" time="17.297" classname="Voot.smac.pages.test.MoviesPageTest" />
      
</testsuite>
