<?xml version="1.0" encoding="UTF-8"?>
<testsuite name="Verification of vot login page of voot application in chrome    browser"
           tests="3"
           failures="0"
           errors="0"
           skipped="0"
           time="29.000">
  <properties />
  
  
            <testcase name="verifyLoginScreeen" time="25.674" classname="Voot.smac.pages.test.VootLoginPageTest" />
                <testcase name="enter_valid_Email_In_input_Text_field" time="0.724" classname="Voot.smac.pages.test.VootLoginPageTest" />
                <testcase name="EnterbankEmailidandverifyerrormessage" time="2.602" classname="Voot.smac.pages.test.VootLoginPageTest" />
      
</testsuite>
