<?xml version="1.0" encoding="UTF-8"?>
<testsuite name="Verification of Home page of voot application in chrome    browser"
           tests="12"
           failures="0"
           errors="0"
           skipped="0"
           time="168.974">
  <properties />
  
  
            <testcase name="verifynewshowLinkinHomePage" time="0.428" classname="Voot.smac.pages.test.HomePageTest" />
                <testcase name="verifySearchinHomepage" time="0.167" classname="Voot.smac.pages.test.HomePageTest" />
                <testcase name="verifykidsmenuinHomepage" time="0.190" classname="Voot.smac.pages.test.HomePageTest" />
                <testcase name="clickOnThePreviousButtonOnCoursoual" time="2.507" classname="Voot.smac.pages.test.HomePageTest" />
                <testcase name="verifyshowsmenuinHomepage" time="0.211" classname="Voot.smac.pages.test.HomePageTest" />
                <testcase name="verifyAddBannerSectionl" time="110.973" classname="Voot.smac.pages.test.HomePageTest" />
                <testcase name="verifyMoviesmenuinHomepage" time="0.187" classname="Voot.smac.pages.test.HomePageTest" />
                <testcase name="clickOnTheNextButtonOnCoursoual" time="42.256" classname="Voot.smac.pages.test.HomePageTest" />
                <testcase name="verifyuserloginiconinHomepage" time="1.180" classname="Voot.smac.pages.test.HomePageTest" />
                <testcase name="verifyVootLogoinHomePage" time="0.358" classname="Voot.smac.pages.test.HomePageTest" />
                <testcase name="verifyDescriptionTextValueOFMasterCarousal" time="10.316" classname="Voot.smac.pages.test.HomePageTest" />
                <testcase name="verifyChannelsmenuinHomepage" time="0.201" classname="Voot.smac.pages.test.HomePageTest" />
      
</testsuite>
