<?xml version="1.0" encoding="UTF-8"?>
<testsuite name="Verification of Show page of voot application in chrome browser"
           tests="2"
           failures="0"
           errors="0"
           skipped="0"
           time="51.348">
  <properties />
  
  
            <testcase name="clickedshowlink" time="42.987" classname="Voot.smac.pages.test.ShowPagesTest" />
                <testcase name="clickedkidslink" time="8.361" classname="Voot.smac.pages.test.ShowPagesTest" />
      
</testsuite>
