<?xml version="1.0" encoding="UTF-8"?>
<testsuite name="Verification of Show page of voot application in chrome browser"
           tests="2"
           failures="0"
           errors="0"
           skipped="0"
           time="14.694">
  <properties />
  
  
            <testcase name="clickedshowlink" time="7.327" classname="Voot.smac.pages.test.ShowPagesTest" />
                <testcase name="clickedkidslink" time="7.367" classname="Voot.smac.pages.test.ShowPagesTest" />
      
</testsuite>
