<?xml version="1.0" encoding="UTF-8"?>
<testsuite name="Verification of Channel page of voot application in chrome browser"
           tests="4"
           failures="0"
           errors="0"
           skipped="0"
           time="50.910">
  <properties />
  
  
            <testcase name="mousehover_ChannelsInHeaderMenuOfHomepage" time="0.808" classname="Voot.smac.pages.test.ChannelsPageTest" />
                <testcase name="OverlaywithListofchannels" time="40.178" classname="Voot.smac.pages.test.ChannelsPageTest" />
                <testcase name="navigateToChannelDetailsPage" time="5.531" classname="Voot.smac.pages.test.ChannelsPageTest" />
                <testcase name="Clickonanychannel" time="4.393" classname="Voot.smac.pages.test.ChannelsPageTest" />
      
</testsuite>
