<?xml version="1.0" encoding="UTF-8"?>
<testsuite name="Verification off Search page of voot application in chrome browser"
           tests="5"
           failures="0"
           errors="0"
           skipped="0"
           time="22.508">
  <properties />
  
  
            <testcase name="enter_Some_Value_inSide_the_Text_Box_In_SearchPage" time="14.913" classname="Voot.smac.pages.test.SearchPageTest" />
                <testcase name="verify_Search_Icon_In_HomePage" time="2.291" classname="Voot.smac.pages.test.SearchPageTest" />
                <testcase name="verify_Search_Text_Box_In_SearchPage" time="0.210" classname="Voot.smac.pages.test.SearchPageTest" />
                <testcase name="verify_Close_Icon_In_SearchPage" time="2.626" classname="Voot.smac.pages.test.SearchPageTest" />
                <testcase name="verify_Search_Icon_In_SearchPage" time="2.468" classname="Voot.smac.pages.test.SearchPageTest" />
      
</testsuite>
