<?xml version="1.0" encoding="UTF-8"?>
<testng-results skipped="0" failed="0" ignored="0" total="11" passed="11">
  <reporter-output>
    <line>
      <![CDATA[voot logo is present and it is displaying in the portal]]>
    </line>
    <line>
      <![CDATA[showName and it is displaying & SHOWS is clickable in the portal]]>
    </line>
    <line>
      <![CDATA[showsNameinshowmenu showsNameinshowmenu it is displaying & clickable in the portal]]>
    </line>
    <line>
      <![CDATA[kids link is displaying and it is clickable in the portal]]>
    </line>
    <line>
      <![CDATA[channls link is displaying and it is clickable in the portal]]>
    </line>
    <line>
      <![CDATA[Movies link is displaying and it is clickable in the portal]]>
    </line>
    <line>
      <![CDATA[Search icon is displaying and it is clickable in the portal]]>
    </line>
    <line>
      <![CDATA[User login logo is displaying and it is clickable in the portal]]>
    </line>
    <line>
      <![CDATA[show link is present in home page]]>
    </line>
    <line>
      <![CDATA[Voot logo is diaplsying on the home page screen and it is  clickable]]>
    </line>
    <line>
      <![CDATA[This is the message getting from system USE YOUR EMAIL ADDRESS]]>
    </line>
  </reporter-output>
  <suite name="Parallel test suite" duration-ms="88664" started-at="2018-03-05T05:58:59Z" finished-at="2018-03-05T06:00:28Z">
    <groups>
      <group name="Verification of Header Menu">
        <method signature="HomePageTest.verifyChannelsmenuinHomepage()[pri:5, instance:Voot.smac.pages.test.HomePageTest@5a8806ef]" name="verifyChannelsmenuinHomepage" class="Voot.smac.pages.test.HomePageTest"/>
        <method signature="HomePageTest.verifyMoviesmenuinHomepage()[pri:6, instance:Voot.smac.pages.test.HomePageTest@5a8806ef]" name="verifyMoviesmenuinHomepage" class="Voot.smac.pages.test.HomePageTest"/>
        <method signature="HomePageTest.verifySearchinHomepage()[pri:7, instance:Voot.smac.pages.test.HomePageTest@5a8806ef]" name="verifySearchinHomepage" class="Voot.smac.pages.test.HomePageTest"/>
        <method signature="HomePageTest.verifyVootLogoinHomePage()[pri:1, instance:Voot.smac.pages.test.HomePageTest@5a8806ef]" name="verifyVootLogoinHomePage" class="Voot.smac.pages.test.HomePageTest"/>
        <method signature="HomePageTest.verifykidsmenuinHomepage()[pri:4, instance:Voot.smac.pages.test.HomePageTest@5a8806ef]" name="verifykidsmenuinHomepage" class="Voot.smac.pages.test.HomePageTest"/>
        <method signature="HomePageTest.verifynewshowLinkinHomePage()[pri:2, instance:Voot.smac.pages.test.HomePageTest@5a8806ef]" name="verifynewshowLinkinHomePage" class="Voot.smac.pages.test.HomePageTest"/>
        <method signature="HomePageTest.verifyshowsmenuinHomepage()[pri:3, instance:Voot.smac.pages.test.HomePageTest@5a8806ef]" name="verifyshowsmenuinHomepage" class="Voot.smac.pages.test.HomePageTest"/>
        <method signature="HomePageTest.verifyuserloginiconinHomepage()[pri:8, instance:Voot.smac.pages.test.HomePageTest@5a8806ef]" name="verifyuserloginiconinHomepage" class="Voot.smac.pages.test.HomePageTest"/>
      </group> <!-- Verification of Header Menu -->
    </groups>
    <test name="Verification of Home page of voot application in chrome browser" duration-ms="29189" started-at="2018-03-05T05:58:59Z" finished-at="2018-03-05T05:59:28Z">
      <class name="Voot.smac.pages.test.HomePageTest">
        <test-method status="PASS" signature="setBrowsers(java.lang.String)[pri:0, instance:Voot.smac.pages.test.HomePageTest@5a8806ef]" name="setBrowsers" is-config="true" duration-ms="22519" started-at="2018-03-05T11:28:59Z" finished-at="2018-03-05T11:29:22Z">
          <params>
            <param index="0">
              <value>
                <![CDATA[chrome]]>
              </value>
            </param>
          </params>
          <reporter-output>
          </reporter-output>
        </test-method> <!-- setBrowsers -->
        <test-method status="PASS" signature="verifyVootLogoinHomePage()[pri:1, instance:Voot.smac.pages.test.HomePageTest@5a8806ef]" name="verifyVootLogoinHomePage" duration-ms="1147" started-at="2018-03-05T11:29:22Z" description="verify weather vootlogo is present in headerSection or not" finished-at="2018-03-05T11:29:23Z">
          <reporter-output>
            <line>
              <![CDATA[voot logo is present and it is displaying in the portal]]>
            </line>
          </reporter-output>
        </test-method> <!-- verifyVootLogoinHomePage -->
        <test-method status="PASS" signature="verifynewshowLinkinHomePage()[pri:2, instance:Voot.smac.pages.test.HomePageTest@5a8806ef]" name="verifynewshowLinkinHomePage" duration-ms="260" started-at="2018-03-05T11:29:23Z" description="verify weather Newshowlink is present in headerSection or not" finished-at="2018-03-05T11:29:23Z">
          <reporter-output>
            <line>
              <![CDATA[showName and it is displaying & SHOWS is clickable in the portal]]>
            </line>
          </reporter-output>
        </test-method> <!-- verifynewshowLinkinHomePage -->
        <test-method status="PASS" signature="verifyshowsmenuinHomepage()[pri:3, instance:Voot.smac.pages.test.HomePageTest@5a8806ef]" name="verifyshowsmenuinHomepage" duration-ms="94" started-at="2018-03-05T11:29:23Z" description="verify weather showslink is present in headerSectionor not" finished-at="2018-03-05T11:29:23Z">
          <reporter-output>
            <line>
              <![CDATA[showsNameinshowmenu showsNameinshowmenu it is displaying & clickable in the portal]]>
            </line>
          </reporter-output>
        </test-method> <!-- verifyshowsmenuinHomepage -->
        <test-method status="PASS" signature="verifykidsmenuinHomepage()[pri:4, instance:Voot.smac.pages.test.HomePageTest@5a8806ef]" name="verifykidsmenuinHomepage" duration-ms="79" started-at="2018-03-05T11:29:23Z" description="verify weather Kidslink is present in headerSection or not" finished-at="2018-03-05T11:29:23Z">
          <reporter-output>
            <line>
              <![CDATA[kids link is displaying and it is clickable in the portal]]>
            </line>
          </reporter-output>
        </test-method> <!-- verifykidsmenuinHomepage -->
        <test-method status="PASS" signature="verifyChannelsmenuinHomepage()[pri:5, instance:Voot.smac.pages.test.HomePageTest@5a8806ef]" name="verifyChannelsmenuinHomepage" duration-ms="68" started-at="2018-03-05T11:29:23Z" description="verify weather channelslink is present in headersectonor not" finished-at="2018-03-05T11:29:23Z">
          <reporter-output>
            <line>
              <![CDATA[channls link is displaying and it is clickable in the portal]]>
            </line>
          </reporter-output>
        </test-method> <!-- verifyChannelsmenuinHomepage -->
        <test-method status="PASS" signature="verifyMoviesmenuinHomepage()[pri:6, instance:Voot.smac.pages.test.HomePageTest@5a8806ef]" name="verifyMoviesmenuinHomepage" duration-ms="73" started-at="2018-03-05T11:29:23Z" description="verify weather MoviesMenu is present in headerSection or not" finished-at="2018-03-05T11:29:23Z">
          <reporter-output>
            <line>
              <![CDATA[Movies link is displaying and it is clickable in the portal]]>
            </line>
          </reporter-output>
        </test-method> <!-- verifyMoviesmenuinHomepage -->
        <test-method status="PASS" signature="verifySearchinHomepage()[pri:7, instance:Voot.smac.pages.test.HomePageTest@5a8806ef]" name="verifySearchinHomepage" duration-ms="49" started-at="2018-03-05T11:29:23Z" description="verify weather Search icon is present in headerSection or not" finished-at="2018-03-05T11:29:23Z">
          <reporter-output>
            <line>
              <![CDATA[Search icon is displaying and it is clickable in the portal]]>
            </line>
          </reporter-output>
        </test-method> <!-- verifySearchinHomepage -->
        <test-method status="PASS" signature="verifyuserloginiconinHomepage()[pri:8, instance:Voot.smac.pages.test.HomePageTest@5a8806ef]" name="verifyuserloginiconinHomepage" duration-ms="76" started-at="2018-03-05T11:29:23Z" description="verify weather User_Login_Icon is present in headerSection or not" finished-at="2018-03-05T11:29:23Z">
          <reporter-output>
            <line>
              <![CDATA[User login logo is displaying and it is clickable in the portal]]>
            </line>
          </reporter-output>
        </test-method> <!-- verifyuserloginiconinHomepage -->
        <test-method status="PASS" signature="closebrowser()[pri:0, instance:Voot.smac.pages.test.HomePageTest@5a8806ef]" name="closebrowser" is-config="true" duration-ms="4770" started-at="2018-03-05T11:29:23Z" finished-at="2018-03-05T11:29:28Z">
          <reporter-output>
          </reporter-output>
        </test-method> <!-- closebrowser -->
      </class> <!-- Voot.smac.pages.test.HomePageTest -->
    </test> <!-- Verification of Home page of voot application in chrome browser -->
    <test name="Verification of Show page of voot application in chrome browser" duration-ms="39137" started-at="2018-03-05T05:59:28Z" finished-at="2018-03-05T06:00:07Z">
      <class name="Voot.smac.pages.test.ShowPagesTest">
        <test-method status="PASS" signature="setBrowsers(java.lang.String)[pri:0, instance:Voot.smac.pages.test.ShowPagesTest@27a5f880]" name="setBrowsers" is-config="true" duration-ms="19697" started-at="2018-03-05T11:29:28Z" finished-at="2018-03-05T11:29:48Z">
          <params>
            <param index="0">
              <value>
                <![CDATA[chrome]]>
              </value>
            </param>
          </params>
          <reporter-output>
          </reporter-output>
        </test-method> <!-- setBrowsers -->
        <test-method status="PASS" signature="clickedshowlink()[pri:1, instance:Voot.smac.pages.test.ShowPagesTest@27a5f880]" name="clickedshowlink" duration-ms="9477" started-at="2018-03-05T11:29:48Z" description="Verify weather user is able to click on the show link on the header or not if yes verify all the show name in side the show menu" finished-at="2018-03-05T11:29:57Z">
          <reporter-output>
            <line>
              <![CDATA[show link is present in home page]]>
            </line>
          </reporter-output>
        </test-method> <!-- clickedshowlink -->
        <test-method status="PASS" signature="clickedkidslink()[pri:2, instance:Voot.smac.pages.test.ShowPagesTest@27a5f880]" name="clickedkidslink" duration-ms="6294" started-at="2018-03-05T11:29:57Z" description="Verify weather user is able to click on the kids link on the header" finished-at="2018-03-05T11:30:04Z">
          <reporter-output>
          </reporter-output>
        </test-method> <!-- clickedkidslink -->
        <test-method status="PASS" signature="closebrowser()[pri:0, instance:Voot.smac.pages.test.ShowPagesTest@27a5f880]" name="closebrowser" is-config="true" duration-ms="3659" started-at="2018-03-05T11:30:04Z" finished-at="2018-03-05T11:30:07Z">
          <reporter-output>
          </reporter-output>
        </test-method> <!-- closebrowser -->
      </class> <!-- Voot.smac.pages.test.ShowPagesTest -->
    </test> <!-- Verification of Show page of voot application in chrome browser -->
    <test name="Verification of vot login page of voot application in chrome browser" duration-ms="20283" started-at="2018-03-05T06:00:07Z" finished-at="2018-03-05T06:00:28Z">
      <class name="Voot.smac.pages.test.VootLoginPageTest">
        <test-method status="PASS" signature="setBrowsers(java.lang.String)[pri:0, instance:Voot.smac.pages.test.VootLoginPageTest@1786dec2]" name="setBrowsers" is-config="true" duration-ms="15284" started-at="2018-03-05T11:30:07Z" finished-at="2018-03-05T11:30:23Z">
          <params>
            <param index="0">
              <value>
                <![CDATA[chrome]]>
              </value>
            </param>
          </params>
          <reporter-output>
          </reporter-output>
        </test-method> <!-- setBrowsers -->
        <test-method status="PASS" signature="verifyLoginScreeen()[pri:0, instance:Voot.smac.pages.test.VootLoginPageTest@1786dec2]" name="verifyLoginScreeen" duration-ms="1776" started-at="2018-03-05T11:30:23Z" finished-at="2018-03-05T11:30:24Z">
          <reporter-output>
            <line>
              <![CDATA[Voot logo is diaplsying on the home page screen and it is  clickable]]>
            </line>
            <line>
              <![CDATA[This is the message getting from system USE YOUR EMAIL ADDRESS]]>
            </line>
          </reporter-output>
        </test-method> <!-- verifyLoginScreeen -->
        <test-method status="PASS" signature="closebrowser()[pri:0, instance:Voot.smac.pages.test.VootLoginPageTest@1786dec2]" name="closebrowser" is-config="true" duration-ms="3219" started-at="2018-03-05T11:30:24Z" finished-at="2018-03-05T11:30:28Z">
          <reporter-output>
          </reporter-output>
        </test-method> <!-- closebrowser -->
      </class> <!-- Voot.smac.pages.test.VootLoginPageTest -->
    </test> <!-- Verification of vot login page of voot application in chrome browser -->
  </suite> <!-- Parallel test suite -->
</testng-results>
