<?xml version="1.0" encoding="UTF-8"?>
<testng-results skipped="0" failed="0" ignored="0" total="5" passed="5">
  <reporter-output>
    <line>
      <![CDATA[user mousehover on 'Channels' in the header menu of  'Homepage']]>
    </line>
    <line>
      <![CDATA[user mousehover on 'Channels' in the header menu of  'Homepage']]>
    </line>
    <line>
      <![CDATA[user mousehover on movies in the header menu of  'Homepage'.]]>
    </line>
    <line>
      <![CDATA[Overlay list should be displayed and list should contain all the movies]]>
    </line>
  </reporter-output>
  <suite name="Parallel test suite" duration-ms="78074" started-at="2018-03-08T12:58:17Z" finished-at="2018-03-08T12:59:35Z">
    <groups>
    </groups>
    <test name="Verification of Channel page of voot application in chrome browser" duration-ms="59001" started-at="2018-03-08T12:58:17Z" finished-at="2018-03-08T12:59:16Z">
      <class name="Voot.smac.pages.test.ChannelsPageTest">
        <test-method status="PASS" signature="setBrowsers(java.lang.String)[pri:0, instance:Voot.smac.pages.test.ChannelsPageTest@9660f4e]" name="setBrowsers" is-config="true" duration-ms="11260" started-at="2018-03-08T18:28:17Z" finished-at="2018-03-08T18:28:28Z">
          <params>
            <param index="0">
              <value>
                <![CDATA[chrome]]>
              </value>
            </param>
          </params>
          <reporter-output>
          </reporter-output>
        </test-method> <!-- setBrowsers -->
        <test-method status="PASS" signature="mousehover_ChannelsInHeaderMenuOfHomepage()[pri:1, instance:Voot.smac.pages.test.ChannelsPageTest@9660f4e]" name="mousehover_ChannelsInHeaderMenuOfHomepage" duration-ms="1206" started-at="2018-03-08T18:28:28Z" description="Verify list overlay is displayed when user mousehover on &#039;Channels&#039; in the header menu of  &#039;Homepage&#039;." finished-at="2018-03-08T18:28:29Z">
          <reporter-output>
            <line>
              <![CDATA[user mousehover on 'Channels' in the header menu of  'Homepage']]>
            </line>
          </reporter-output>
        </test-method> <!-- mousehover_ChannelsInHeaderMenuOfHomepage -->
        <test-method status="PASS" signature="OverlaywithListofchannels()[pri:2, instance:Voot.smac.pages.test.ChannelsPageTest@9660f4e]" name="OverlaywithListofchannels" duration-ms="39534" started-at="2018-03-08T18:28:29Z" description="Verify whether user is able to view all the elements present in Channels overlay." finished-at="2018-03-08T18:29:09Z">
          <reporter-output>
          </reporter-output>
        </test-method> <!-- OverlaywithListofchannels -->
        <test-method status="PASS" signature="Clickonanychannel()[pri:3, instance:Voot.smac.pages.test.ChannelsPageTest@9660f4e]" name="Clickonanychannel" duration-ms="3701" started-at="2018-03-08T18:29:09Z" description="Verify whether user is able to navigate to Channel details page when clicked on any Channel(Logo) in channel overlay." finished-at="2018-03-08T18:29:13Z">
          <reporter-output>
            <line>
              <![CDATA[user mousehover on 'Channels' in the header menu of  'Homepage']]>
            </line>
          </reporter-output>
        </test-method> <!-- Clickonanychannel -->
        <test-method status="PASS" signature="navigateToChannelDetailsPage()[pri:4, instance:Voot.smac.pages.test.ChannelsPageTest@9660f4e]" name="navigateToChannelDetailsPage" duration-ms="177" started-at="2018-03-08T18:29:13Z" description="Verify whether user is able to view all details present in Channel details page." finished-at="2018-03-08T18:29:13Z">
          <reporter-output>
          </reporter-output>
        </test-method> <!-- navigateToChannelDetailsPage -->
        <test-method status="PASS" signature="closebrowser()[pri:0, instance:Voot.smac.pages.test.ChannelsPageTest@9660f4e]" name="closebrowser" is-config="true" duration-ms="3092" started-at="2018-03-08T18:29:13Z" finished-at="2018-03-08T18:29:16Z">
          <reporter-output>
          </reporter-output>
        </test-method> <!-- closebrowser -->
      </class> <!-- Voot.smac.pages.test.ChannelsPageTest -->
    </test> <!-- Verification of Channel page of voot application in chrome browser -->
    <test name="Verification of movie page of voot application in chrome browser" duration-ms="19054" started-at="2018-03-08T12:59:16Z" finished-at="2018-03-08T12:59:35Z">
      <class name="Voot.smac.pages.test.MoviesPageTest">
        <test-method status="PASS" signature="setBrowsers(java.lang.String)[pri:0, instance:Voot.smac.pages.test.MoviesPageTest@394e1a0f]" name="setBrowsers" is-config="true" duration-ms="10609" started-at="2018-03-08T18:29:16Z" finished-at="2018-03-08T18:29:27Z">
          <params>
            <param index="0">
              <value>
                <![CDATA[chrome]]>
              </value>
            </param>
          </params>
          <reporter-output>
          </reporter-output>
        </test-method> <!-- setBrowsers -->
        <test-method status="PASS" signature="mousehoveronMoviesintheheaderandverify()[pri:1, instance:Voot.smac.pages.test.MoviesPageTest@394e1a0f]" name="mousehoveronMoviesintheheaderandverify" duration-ms="5044" started-at="2018-03-08T18:29:27Z" description="Verify list overlay is displayed when user mousehover on &#039;Movies&#039; in the header menu of  &#039;Homepage&#039;." finished-at="2018-03-08T18:29:32Z">
          <reporter-output>
            <line>
              <![CDATA[user mousehover on movies in the header menu of  'Homepage'.]]>
            </line>
            <line>
              <![CDATA[Overlay list should be displayed and list should contain all the movies]]>
            </line>
          </reporter-output>
        </test-method> <!-- mousehoveronMoviesintheheaderandverify -->
        <test-method status="PASS" signature="closebrowser()[pri:0, instance:Voot.smac.pages.test.MoviesPageTest@394e1a0f]" name="closebrowser" is-config="true" duration-ms="3395" started-at="2018-03-08T18:29:32Z" finished-at="2018-03-08T18:29:35Z">
          <reporter-output>
          </reporter-output>
        </test-method> <!-- closebrowser -->
      </class> <!-- Voot.smac.pages.test.MoviesPageTest -->
    </test> <!-- Verification of movie page of voot application in chrome browser -->
  </suite> <!-- Parallel test suite -->
</testng-results>
