<?xml version="1.0" encoding="UTF-8"?>
<testsuite name="Verification of Channel page in voot application "
           tests="4"
           failures="0"
           errors="0"
           skipped="0"
           time="20.541">
  <properties />
  
  
            <testcase name="Clickonanychannel" time="2.370" classname="Voot.smac.pages.test.ChannelsPageTest" />
                <testcase name="OverlaywithListofchannels" time="14.306" classname="Voot.smac.pages.test.ChannelsPageTest" />
                <testcase name="navigateToChannelDetailsPage" time="3.283" classname="Voot.smac.pages.test.ChannelsPageTest" />
                <testcase name="mousehover_ChannelsInHeaderMenuOfHomepage" time="0.582" classname="Voot.smac.pages.test.ChannelsPageTest" />
      
</testsuite>
