<?xml version="1.0" encoding="UTF-8"?>
<testsuite name="Verification of Home page of voot application in chrome browser"
           tests="8"
           failures="0"
           errors="0"
           skipped="0"
           time="0.958">
  <properties />
  
  
            <testcase name="verifyVootLogoinHomePage" time="0.289" classname="Voot.smac.pages.test.HomePageTest" />
                <testcase name="verifyChannelsmenuinHomepage" time="0.052" classname="Voot.smac.pages.test.HomePageTest" />
                <testcase name="verifynewshowLinkinHomePage" time="0.325" classname="Voot.smac.pages.test.HomePageTest" />
                <testcase name="verifyshowsmenuinHomepage" time="0.080" classname="Voot.smac.pages.test.HomePageTest" />
                <testcase name="verifySearchinHomepage" time="0.032" classname="Voot.smac.pages.test.HomePageTest" />
                <testcase name="verifyMoviesmenuinHomepage" time="0.053" classname="Voot.smac.pages.test.HomePageTest" />
                <testcase name="verifyuserloginiconinHomepage" time="0.032" classname="Voot.smac.pages.test.HomePageTest" />
                <testcase name="verifykidsmenuinHomepage" time="0.095" classname="Voot.smac.pages.test.HomePageTest" />
      
</testsuite>
