<?xml version="1.0" encoding="UTF-8"?>
<testsuite name="Verification of movie page in voot application"
           tests="5"
           failures="0"
           errors="0"
           skipped="0"
           time="83.275">
  <properties />
  
  
            <testcase name="verifyPopularKidsMoviesValue" time="17.970" classname="Voot.smac.pages.test.MoviesPageTest" />
                <testcase name="mousehoveronMoviesintheheaderandverify" time="11.499" classname="Voot.smac.pages.test.MoviesPageTest" />
                <testcase name="verifyPopularHindiMoviesValue" time="18.092" classname="Voot.smac.pages.test.MoviesPageTest" />
                <testcase name="verifyPopularBangaliMoviesValue" time="17.947" classname="Voot.smac.pages.test.MoviesPageTest" />
                <testcase name="verifyPopularkannadaMoviesValue" time="17.767" classname="Voot.smac.pages.test.MoviesPageTest" />
      
</testsuite>
