<?xml version="1.0" encoding="UTF-8"?>
<testsuite name="Verification of Show page of voot application in chrome browser"
           tests="2"
           failures="0"
           errors="0"
           skipped="0"
           time="12.616">
  <properties />
  
  
            <testcase name="clickedkidslink" time="7.682" classname="Voot.smac.pages.test.ShowPagesTest" />
                <testcase name="clickedshowlink" time="4.934" classname="Voot.smac.pages.test.ShowPagesTest" />
      
</testsuite>
